<?xml version="1.0" encoding="UTF-8"?>
<!-- Generated by org.testng.reporters.JUnitXMLReporter -->
<testsuite ignored="0" hostname="DESKTOP-CKALQP5" failures="0" tests="0" time="82.722" errors="0" timestamp="23 May 2023 21:31:29 GMT">
  <testcase classname="com.orangehrmlive.runner.TestRegressionRunner" name="null" time="0.001">
    <failure type="java.lang.IllegalArgumentException" message="InputStream cannot be null">
      <![CDATA[java.lang.IllegalArgumentException: InputStream cannot be null
at java.xml/javax.xml.parsers.DocumentBuilder.parse(DocumentBuilder.java:118)
at com.aventstack.extentreports.configuration.ConfigLoader.getConfigurationHash(ConfigLoader.java:64)
at com.aventstack.extentreports.reporter.AbstractReporter.loadXMLConfig(AbstractReporter.java:64)
at com.aventstack.extentreports.reporter.AbstractReporter.loadXMLConfig(AbstractReporter.java:60)
at com.cucumber.listener.Reporter.loadXMLConfig(Reporter.java:47)
at com.orangehrmlive.runner.TestRegressionRunner.setUp(TestRegressionRunner.java:24)
at org.junit.runners.model.FrameworkMethod$1.runReflectiveCall(FrameworkMethod.java:47)
at org.junit.internal.runners.model.ReflectiveCallable.run(ReflectiveCallable.java:12)
at org.junit.runners.model.FrameworkMethod.invokeExplosively(FrameworkMethod.java:44)
at org.junit.internal.runners.statements.RunAfters.evaluate(RunAfters.java:33)
at org.junit.runners.ParentRunner.run(ParentRunner.java:309)
at cucumber.api.junit.Cucumber.run(Cucumber.java:100)
at org.junit.runner.JUnitCore.run(JUnitCore.java:160)
at org.junit.runner.JUnitCore.run(JUnitCore.java:138)
... Removed 26 stack frames]]>
    </failure>
  </testcase> <!-- null -->
  <testcase classname="com.orangehrmlive.runner.TestSanityRunner" name="null" time="0.0">
    <failure type="java.lang.IllegalArgumentException" message="InputStream cannot be null">
      <![CDATA[java.lang.IllegalArgumentException: InputStream cannot be null
at java.xml/javax.xml.parsers.DocumentBuilder.parse(DocumentBuilder.java:118)
at com.aventstack.extentreports.configuration.ConfigLoader.getConfigurationHash(ConfigLoader.java:64)
at com.aventstack.extentreports.reporter.AbstractReporter.loadXMLConfig(AbstractReporter.java:64)
at com.aventstack.extentreports.reporter.AbstractReporter.loadXMLConfig(AbstractReporter.java:60)
at com.cucumber.listener.Reporter.loadXMLConfig(Reporter.java:47)
at com.orangehrmlive.runner.TestSanityRunner.setUp(TestSanityRunner.java:24)
at org.junit.runners.model.FrameworkMethod$1.runReflectiveCall(FrameworkMethod.java:47)
at org.junit.internal.runners.model.ReflectiveCallable.run(ReflectiveCallable.java:12)
at org.junit.runners.model.FrameworkMethod.invokeExplosively(FrameworkMethod.java:44)
at org.junit.internal.runners.statements.RunAfters.evaluate(RunAfters.java:33)
at org.junit.runners.ParentRunner.run(ParentRunner.java:309)
at cucumber.api.junit.Cucumber.run(Cucumber.java:100)
at org.junit.runner.JUnitCore.run(JUnitCore.java:160)
at org.junit.runner.JUnitCore.run(JUnitCore.java:138)
... Removed 26 stack frames]]>
    </failure>
  </testcase> <!-- null -->
  <testcase classname="com.orangehrmlive.runner.TestSmokeRunner" name="null" time="0.0">
    <failure type="java.lang.IllegalArgumentException" message="InputStream cannot be null">
      <![CDATA[java.lang.IllegalArgumentException: InputStream cannot be null
at java.xml/javax.xml.parsers.DocumentBuilder.parse(DocumentBuilder.java:118)
at com.aventstack.extentreports.configuration.ConfigLoader.getConfigurationHash(ConfigLoader.java:64)
at com.aventstack.extentreports.reporter.AbstractReporter.loadXMLConfig(AbstractReporter.java:64)
at com.aventstack.extentreports.reporter.AbstractReporter.loadXMLConfig(AbstractReporter.java:60)
at com.cucumber.listener.Reporter.loadXMLConfig(Reporter.java:47)
at com.orangehrmlive.runner.TestSmokeRunner.setUp(TestSmokeRunner.java:24)
at org.junit.runners.model.FrameworkMethod$1.runReflectiveCall(FrameworkMethod.java:47)
at org.junit.internal.runners.model.ReflectiveCallable.run(ReflectiveCallable.java:12)
at org.junit.runners.model.FrameworkMethod.invokeExplosively(FrameworkMethod.java:44)
at org.junit.internal.runners.statements.RunAfters.evaluate(RunAfters.java:33)
at org.junit.runners.ParentRunner.run(ParentRunner.java:309)
at cucumber.api.junit.Cucumber.run(Cucumber.java:100)
at org.junit.runner.JUnitCore.run(JUnitCore.java:160)
at org.junit.runner.JUnitCore.run(JUnitCore.java:138)
... Removed 26 stack frames]]>
    </failure>
  </testcase> <!-- null -->
</testsuite>
