<?xml version="1.0" encoding="UTF-8"?>
<testsuite xmlns:xsi="http://www.w3.org/2001/XMLSchema-instance" xsi:noNamespaceSchemaLocation="https://maven.apache.org/surefire/maven-surefire-plugin/xsd/surefire-test-report-3.0.xsd" version="3.0" name="TestSuite" time="83.465" tests="3" errors="0" skipped="0" failures="3">
  <properties>
[...]
</properties>
  <testcase name="null on com.orangehrmlive.runner.TestRegressionRunner" classname="com.orangehrmlive.runner.TestRegressionRunner" time="54.348">
    <failure message="InputStream cannot be null" type="java.lang.IllegalArgumentException"><![CDATA[java.lang.IllegalArgumentException: InputStream cannot be null
	at java.xml/javax.xml.parsers.DocumentBuilder.parse(DocumentBuilder.java:118)
	at com.aventstack.extentreports.configuration.ConfigLoader.getConfigurationHash(ConfigLoader.java:64)
	at com.aventstack.extentreports.reporter.AbstractReporter.loadXMLConfig(AbstractReporter.java:64)
	at com.aventstack.extentreports.reporter.AbstractReporter.loadXMLConfig(AbstractReporter.java:60)
	at com.cucumber.listener.Reporter.loadXMLConfig(Reporter.java:47)
	at com.orangehrmlive.runner.TestRegressionRunner.setUp(TestRegressionRunner.java:24)
	at java.base/jdk.internal.reflect.DirectMethodHandleAccessor.invoke(DirectMethodHandleAccessor.java:104)
	at java.base/java.lang.reflect.Method.invoke(Method.java:578)
	at org.junit.runners.model.FrameworkMethod$1.runReflectiveCall(FrameworkMethod.java:47)
	at org.junit.internal.runners.model.ReflectiveCallable.run(ReflectiveCallable.java:12)
	at org.junit.runners.model.FrameworkMethod.invokeExplosively(FrameworkMethod.java:44)
	at org.junit.internal.runners.statements.RunAfters.evaluate(RunAfters.java:33)
	at org.junit.runners.ParentRunner.run(ParentRunner.java:309)
	at cucumber.api.junit.Cucumber.run(Cucumber.java:100)
	at org.junit.runner.JUnitCore.run(JUnitCore.java:160)
	at org.junit.runner.JUnitCore.run(JUnitCore.java:138)
	at org.testng.junit.JUnit4TestRunner.start(JUnit4TestRunner.java:82)
	at org.testng.junit.JUnit4TestRunner.run(JUnit4TestRunner.java:70)
	at org.testng.TestRunner$1.run(TestRunner.java:570)
	at org.testng.TestRunner.runJUnitWorkers(TestRunner.java:717)
	at org.testng.TestRunner.privateRunJUnit(TestRunner.java:601)
	at org.testng.TestRunner.run(TestRunner.java:502)
	at org.testng.SuiteRunner.runTest(SuiteRunner.java:455)
	at org.testng.SuiteRunner.runSequentially(SuiteRunner.java:450)
	at org.testng.SuiteRunner.privateRun(SuiteRunner.java:415)
	at org.testng.SuiteRunner.run(SuiteRunner.java:364)
	at org.testng.SuiteRunnerWorker.runSuite(SuiteRunnerWorker.java:52)
	at org.testng.SuiteRunnerWorker.run(SuiteRunnerWorker.java:84)
	at org.testng.TestNG.runSuitesSequentially(TestNG.java:1208)
	at org.testng.TestNG.runSuitesLocally(TestNG.java:1137)
	at org.testng.TestNG.runSuites(TestNG.java:1049)
	at org.testng.TestNG.run(TestNG.java:1017)
	at org.apache.maven.surefire.testng.TestNGExecutor.run(TestNGExecutor.java:151)
	at org.apache.maven.surefire.testng.TestNGDirectoryTestSuite.executeMulti(TestNGDirectoryTestSuite.java:197)
	at org.apache.maven.surefire.testng.TestNGDirectoryTestSuite.execute(TestNGDirectoryTestSuite.java:93)
	at org.apache.maven.surefire.testng.TestNGProvider.invoke(TestNGProvider.java:155)
	at org.apache.maven.surefire.booter.ForkedBooter.runSuitesInProcess(ForkedBooter.java:456)
	at org.apache.maven.surefire.booter.ForkedBooter.execute(ForkedBooter.java:169)
	at org.apache.maven.surefire.booter.ForkedBooter.run(ForkedBooter.java:595)
	at org.apache.maven.surefire.booter.ForkedBooter.main(ForkedBooter.java:581)
]]></failure>
    <system-out><![CDATA[Usage: <main class> [options] The XML suite files to run
  Options:
    -configfailurepolicy
      Configuration failure policy (skip or continue)
    -d
      Output directory
    -dataproviderthreadcount
      Number of threads to use when running data providers
    -excludegroups
      Comma-separated list of group names to  exclude
    -groups
      Comma-separated list of group names to be run
    -junit
      JUnit mode
      Default: false
    -listener
      List of .class files or list of class names implementing ITestListener 
      or ISuiteListener
    -methods
      Comma separated of test methods
      Default: []
    -methodselectors
      List of .class files or list of class names implementing IMethodSelector
    -mixed
      Mixed mode - autodetect the type of current test and run it with 
      appropriate runner
      Default: false
    -objectfactory
      List of .class files or list of class names implementing 
      ITestRunnerFactory 
    -parallel
      Parallel mode (methods, tests or classes)
      Possible Values: [tests, methods, classes, instances, none, true, false]
    -port
      The port
    -reporter
      Extended configuration for custom report listener
    -suitename
      Default name of test suite, if not specified in suite definition file or 
      source code
    -suitethreadpoolsize
      Size of the thread pool to use to run suites
      Default: 1
    -testclass
      The list of test classes
    -testjar
      A jar file containing the tests
    -testname
      Default name of test, if not specified in suitedefinition file or source 
      code 
    -testnames
      The list of test names to run
    -testrunfactory, -testRunFactory
      The factory used to create tests
    -threadcount
      Number of threads to use when running tests in parallel
    -usedefaultlisteners
      Whether to use the default listeners
      Default: true
    -log, -verbose
      Level of verbosity
    -xmlpathinjar
      The full path to the xml file inside the jar file (only valid if 
      -testjar was specified)
      Default: testng.xml

Feature: As a user I want to verify different login functions.

  Background:                                         &amp#27;[90m# logintest.feature:3&amp#27;[0m
    &amp#27;[31mGiven &amp#27;[0m&amp#27;[31mI am on HomePage & Login to the application&amp#27;[0m &amp#27;[90m# UserTestSteps.iAmOnHomePageLoginToTheApplication()&amp#27;[0m
      &amp#27;[31mjava.lang.ExceptionInInitializerError
      	at cucumber.deps.com.thoughtworks.xstream.XStream.setupConverters(XStream.java:820)
      	at cucumber.deps.com.thoughtworks.xstream.XStream.<init>(XStream.java:574)
      	at cucumber.deps.com.thoughtworks.xstream.XStream.<init>(XStream.java:530)
      	at cucumber.runtime.xstream.LocalizedXStreams$LocalizedXStream.<init>(LocalizedXStreams.java:50)
      	at cucumber.runtime.xstream.LocalizedXStreams.newXStream(LocalizedXStreams.java:37)
      	at cucumber.runtime.xstream.LocalizedXStreams.get(LocalizedXStreams.java:29)
      	at cucumber.runtime.StepDefinitionMatch.runStep(StepDefinitionMatch.java:37)
      	at cucumber.runtime.Runtime.runStep(Runtime.java:300)
      	at cucumber.runtime.model.StepContainer.runStep(StepContainer.java:44)
      	at cucumber.runtime.model.StepContainer.runSteps(StepContainer.java:39)
      	at cucumber.runtime.model.CucumberScenario.runBackground(CucumberScenario.java:59)
      	at cucumber.runtime.model.CucumberScenario.run(CucumberScenario.java:42)
      	at cucumber.runtime.junit.ExecutionUnitRunner.run(ExecutionUnitRunner.java:102)
      	at cucumber.runtime.junit.FeatureRunner.runChild(FeatureRunner.java:63)
      	at cucumber.runtime.junit.FeatureRunner.runChild(FeatureRunner.java:18)
      	at org.junit.runners.ParentRunner$3.run(ParentRunner.java:238)
      	at org.junit.runners.ParentRunner$1.schedule(ParentRunner.java:63)
      	at org.junit.runners.ParentRunner.runChildren(ParentRunner.java:236)
      	at org.junit.runners.ParentRunner.access$000(ParentRunner.java:53)
      	at org.junit.runners.ParentRunner$2.evaluate(ParentRunner.java:229)
      	at org.junit.runners.ParentRunner.run(ParentRunner.java:309)
      	at cucumber.runtime.junit.FeatureRunner.run(FeatureRunner.java:70)
      	at cucumber.api.junit.Cucumber.runChild(Cucumber.java:95)
      	at cucumber.api.junit.Cucumber.runChild(Cucumber.java:38)
      	at org.junit.runners.ParentRunner$3.run(ParentRunner.java:238)
      	at org.junit.runners.ParentRunner$1.schedule(ParentRunner.java:63)
      	at org.junit.runners.ParentRunner.runChildren(ParentRunner.java:236)
      	at org.junit.runners.ParentRunner.access$000(ParentRunner.java:53)
      	at org.junit.runners.ParentRunner$2.evaluate(ParentRunner.java:229)
      	at org.junit.internal.runners.statements.RunAfters.evaluate(RunAfters.java:27)
      	at org.junit.runners.ParentRunner.run(ParentRunner.java:309)
      	at cucumber.api.junit.Cucumber.run(Cucumber.java:100)
      	at org.junit.runner.JUnitCore.run(JUnitCore.java:160)
      	at org.junit.runner.JUnitCore.run(JUnitCore.java:138)
      	at org.testng.junit.JUnit4TestRunner.start(JUnit4TestRunner.java:82)
      	at org.testng.junit.JUnit4TestRunner.run(JUnit4TestRunner.java:70)
      	at org.testng.TestRunner$1.run(TestRunner.java:570)
      	at org.testng.TestRunner.runJUnitWorkers(TestRunner.java:717)
      	at org.testng.TestRunner.privateRunJUnit(TestRunner.java:601)
      	at org.testng.TestRunner.run(TestRunner.java:502)
      	at org.testng.SuiteRunner.runTest(SuiteRunner.java:455)
      	at org.testng.SuiteRunner.runSequentially(SuiteRunner.java:450)
      	at org.testng.SuiteRunner.privateRun(SuiteRunner.java:415)
      	at org.testng.SuiteRunner.run(SuiteRunner.java:364)
      	at org.testng.SuiteRunnerWorker.runSuite(SuiteRunnerWorker.java:52)
      	at org.testng.SuiteRunnerWorker.run(SuiteRunnerWorker.java:84)
      	at org.testng.TestNG.runSuitesSequentially(TestNG.java:1208)
      	at org.testng.TestNG.runSuitesLocally(TestNG.java:1137)
      	at org.testng.TestNG.runSuites(TestNG.java:1049)
      	at org.testng.TestNG.run(TestNG.java:1017)
      	at org.apache.maven.surefire.testng.TestNGExecutor.run(TestNGExecutor.java:151)
      	at org.apache.maven.surefire.testng.TestNGDirectoryTestSuite.executeMulti(TestNGDirectoryTestSuite.java:197)
      	at org.apache.maven.surefire.testng.TestNGDirectoryTestSuite.execute(TestNGDirectoryTestSuite.java:93)
      	at org.apache.maven.surefire.testng.TestNGProvider.invoke(TestNGProvider.java:155)
      	at org.apache.maven.surefire.booter.ForkedBooter.runSuitesInProcess(ForkedBooter.java:456)
      	at org.apache.maven.surefire.booter.ForkedBooter.execute(ForkedBooter.java:169)
      	at org.apache.maven.surefire.booter.ForkedBooter.run(ForkedBooter.java:595)
      	at org.apache.maven.surefire.booter.ForkedBooter.main(ForkedBooter.java:581)
      	at ✽.Given I am on HomePage & Login to the application(logintest.feature:4)
      Caused by: java.lang.reflect.InaccessibleObjectException: Unable to make field private final java.util.Comparator java.util.TreeMap.comparator accessible: module java.base does not "opens java.util" to unnamed module @29774679
      	at java.base/java.lang.reflect.AccessibleObject.throwInaccessibleObjectException(AccessibleObject.java:387)
      	at java.base/java.lang.reflect.AccessibleObject.checkCanSetAccessible(AccessibleObject.java:363)
      	at java.base/java.lang.reflect.AccessibleObject.checkCanSetAccessible(AccessibleObject.java:311)
      	at java.base/java.lang.reflect.Field.checkCanSetAccessible(Field.java:180)
      	at java.base/java.lang.reflect.Field.setAccessible(Field.java:174)
      	at cucumber.deps.com.thoughtworks.xstream.core.util.Fields.locate(Fields.java:39)
      	at cucumber.deps.com.thoughtworks.xstream.converters.collections.TreeMapConverter.<clinit>(TreeMapConverter.java:50)
      	at cucumber.deps.com.thoughtworks.xstream.XStream.setupConverters(XStream.java:820)
      	at cucumber.deps.com.thoughtworks.xstream.XStream.<init>(XStream.java:574)
      	at cucumber.deps.com.thoughtworks.xstream.XStream.<init>(XStream.java:530)
      	at cucumber.runtime.xstream.LocalizedXStreams$LocalizedXStream.<init>(LocalizedXStreams.java:50)
      	at cucumber.runtime.xstream.LocalizedXStreams.newXStream(LocalizedXStreams.java:37)
      	at cucumber.runtime.xstream.LocalizedXStreams.get(LocalizedXStreams.java:29)
      	at cucumber.runtime.StepDefinitionMatch.runStep(StepDefinitionMatch.java:37)
      	at cucumber.runtime.Runtime.runStep(Runtime.java:300)
      	at cucumber.runtime.model.StepContainer.runStep(StepContainer.java:44)
      	at cucumber.runtime.model.StepContainer.runSteps(StepContainer.java:39)
      	at cucumber.runtime.model.CucumberScenario.runBackground(CucumberScenario.java:59)
      	at cucumber.runtime.model.CucumberScenario.run(CucumberScenario.java:42)
      	at cucumber.runtime.junit.ExecutionUnitRunner.run(ExecutionUnitRunner.java:102)
      	at cucumber.runtime.junit.FeatureRunner.runChild(FeatureRunner.java:63)
      	at cucumber.runtime.junit.FeatureRunner.runChild(FeatureRunner.java:18)
      	at org.junit.runners.ParentRunner$3.run(ParentRunner.java:238)
      	at org.junit.runners.ParentRunner$1.schedule(ParentRunner.java:63)
      	at org.junit.runners.ParentRunner.runChildren(ParentRunner.java:236)
      	at org.junit.runners.ParentRunner.access$000(ParentRunner.java:53)
      	at org.junit.runners.ParentRunner$2.evaluate(ParentRunner.java:229)
      	at org.junit.runners.ParentRunner.run(ParentRunner.java:309)
      	at cucumber.runtime.junit.FeatureRunner.run(FeatureRunner.java:70)
      	at cucumber.api.junit.Cucumber.runChild(Cucumber.java:95)
      	at cucumber.api.junit.Cucumber.runChild(Cucumber.java:38)
      	at org.junit.runners.ParentRunner$3.run(ParentRunner.java:238)
      	at org.junit.runners.ParentRunner$1.schedule(ParentRunner.java:63)
      	at org.junit.runners.ParentRunner.runChildren(ParentRunner.java:236)
      	at org.junit.runners.ParentRunner.access$000(ParentRunner.java:53)
      	at org.junit.runners.ParentRunner$2.evaluate(ParentRunner.java:229)
      	at org.junit.internal.runners.statements.RunAfters.evaluate(RunAfters.java:27)
      	at org.junit.runners.ParentRunner.run(ParentRunner.java:309)
      	at cucumber.api.junit.Cucumber.run(Cucumber.java:100)
      	at org.junit.runner.JUnitCore.run(JUnitCore.java:160)
      	at org.junit.runner.JUnitCore.run(JUnitCore.java:138)
      	at org.testng.junit.JUnit4TestRunner.start(JUnit4TestRunner.java:82)
      	at org.testng.junit.JUnit4TestRunner.run(JUnit4TestRunner.java:70)
      	at org.testng.TestRunner$1.run(TestRunner.java:570)
      	at org.testng.TestRunner.runJUnitWorkers(TestRunner.java:717)
      	at org.testng.TestRunner.privateRunJUnit(TestRunner.java:601)
      	at org.testng.TestRunner.run(TestRunner.java:502)
      	at org.testng.SuiteRunner.runTest(SuiteRunner.java:455)
      	at org.testng.SuiteRunner.runSequentially(SuiteRunner.java:450)
      	at org.testng.SuiteRunner.privateRun(SuiteRunner.java:415)
      	at org.testng.SuiteRunner.run(SuiteRunner.java:364)
      	at org.testng.SuiteRunnerWorker.runSuite(SuiteRunnerWorker.java:52)
      	at org.testng.SuiteRunnerWorker.run(SuiteRunnerWorker.java:84)
      	at org.testng.TestNG.runSuitesSequentially(TestNG.java:1208)
      	at org.testng.TestNG.runSuitesLocally(TestNG.java:1137)
      	at org.testng.TestNG.runSuites(TestNG.java:1049)
      	at org.testng.TestNG.run(TestNG.java:1017)
      	at org.apache.maven.surefire.testng.TestNGExecutor.run(TestNGExecutor.java:151)
      	at org.apache.maven.surefire.testng.TestNGDirectoryTestSuite.executeMulti(TestNGDirectoryTestSuite.java:197)
      	at org.apache.maven.surefire.testng.TestNGDirectoryTestSuite.execute(TestNGDirectoryTestSuite.java:93)
      	at org.apache.maven.surefire.testng.TestNGProvider.invoke(TestNGProvider.java:155)
      	at org.apache.maven.surefire.booter.ForkedBooter.runSuitesInProcess(ForkedBooter.java:456)
      	at org.apache.maven.surefire.booter.ForkedBooter.execute(ForkedBooter.java:169)
      	at org.apache.maven.surefire.booter.ForkedBooter.run(ForkedBooter.java:595)
      	at org.apache.maven.surefire.booter.ForkedBooter.main(ForkedBooter.java:581)
      &amp#27;[0m

  @sanity @regression
  Scenario: I should login successfully &amp#27;[90m# logintest.feature:7&amp#27;[0m
    &amp#27;[36mThen &amp#27;[0m&amp#27;[36mI see Welcome message&amp#27;[0m          &amp#27;[90m# LoginTestSteps.iSeeWelcomeMessage()&amp#27;[0m

  Background:                                         &amp#27;[90m# logintest.feature:3&amp#27;[0m
    &amp#27;[31mGiven &amp#27;[0m&amp#27;[31mI am on HomePage & Login to the application&amp#27;[0m &amp#27;[90m# UserTestSteps.iAmOnHomePageLoginToTheApplication()&amp#27;[0m
      &amp#27;[31mjava.lang.NoClassDefFoundError: Could not initialize class cucumber.deps.com.thoughtworks.xstream.converters.collections.TreeMapConverter
      	at cucumber.deps.com.thoughtworks.xstream.XStream.setupConverters(XStream.java:820)
      	at cucumber.deps.com.thoughtworks.xstream.XStream.<init>(XStream.java:574)
      	at cucumber.deps.com.thoughtworks.xstream.XStream.<init>(XStream.java:530)
      	at cucumber.runtime.xstream.LocalizedXStreams$LocalizedXStream.<init>(LocalizedXStreams.java:50)
      	at cucumber.runtime.xstream.LocalizedXStreams.newXStream(LocalizedXStreams.java:37)
      	at cucumber.runtime.xstream.LocalizedXStreams.get(LocalizedXStreams.java:29)
      	at cucumber.runtime.StepDefinitionMatch.runStep(StepDefinitionMatch.java:37)
      	at cucumber.runtime.Runtime.runStep(Runtime.java:300)
      	at cucumber.runtime.model.StepContainer.runStep(StepContainer.java:44)
      	at cucumber.runtime.model.StepContainer.runSteps(StepContainer.java:39)
      	at cucumber.runtime.model.CucumberScenario.runBackground(CucumberScenario.java:59)
      	at cucumber.runtime.model.CucumberScenario.run(CucumberScenario.java:42)
      	at cucumber.runtime.junit.ExecutionUnitRunner.run(ExecutionUnitRunner.java:102)
      	at cucumber.runtime.junit.FeatureRunner.runChild(FeatureRunner.java:63)
      	at cucumber.runtime.junit.FeatureRunner.runChild(FeatureRunner.java:18)
      	at org.junit.runners.ParentRunner$3.run(ParentRunner.java:238)
      	at org.junit.runners.ParentRunner$1.schedule(ParentRunner.java:63)
      	at org.junit.runners.ParentRunner.runChildren(ParentRunner.java:236)
      	at org.junit.runners.ParentRunner.access$000(ParentRunner.java:53)
      	at org.junit.runners.ParentRunner$2.evaluate(ParentRunner.java:229)
      	at org.junit.runners.ParentRunner.run(ParentRunner.java:309)
      	at cucumber.runtime.junit.FeatureRunner.run(FeatureRunner.java:70)
      	at cucumber.api.junit.Cucumber.runChild(Cucumber.java:95)
      	at cucumber.api.junit.Cucumber.runChild(Cucumber.java:38)
      	at org.junit.runners.ParentRunner$3.run(ParentRunner.java:238)
      	at org.junit.runners.ParentRunner$1.schedule(ParentRunner.java:63)
      	at org.junit.runners.ParentRunner.runChildren(ParentRunner.java:236)
      	at org.junit.runners.ParentRunner.access$000(ParentRunner.java:53)
      	at org.junit.runners.ParentRunner$2.evaluate(ParentRunner.java:229)
      	at org.junit.internal.runners.statements.RunAfters.evaluate(RunAfters.java:27)
      	at org.junit.runners.ParentRunner.run(ParentRunner.java:309)
      	at cucumber.api.junit.Cucumber.run(Cucumber.java:100)
      	at org.junit.runner.JUnitCore.run(JUnitCore.java:160)
      	at org.junit.runner.JUnitCore.run(JUnitCore.java:138)
      	at org.testng.junit.JUnit4TestRunner.start(JUnit4TestRunner.java:82)
      	at org.testng.junit.JUnit4TestRunner.run(JUnit4TestRunner.java:70)
      	at org.testng.TestRunner$1.run(TestRunner.java:570)
      	at org.testng.TestRunner.runJUnitWorkers(TestRunner.java:717)
      	at org.testng.TestRunner.privateRunJUnit(TestRunner.java:601)
      	at org.testng.TestRunner.run(TestRunner.java:502)
      	at org.testng.SuiteRunner.runTest(SuiteRunner.java:455)
      	at org.testng.SuiteRunner.runSequentially(SuiteRunner.java:450)
      	at org.testng.SuiteRunner.privateRun(SuiteRunner.java:415)
      	at org.testng.SuiteRunner.run(SuiteRunner.java:364)
      	at org.testng.SuiteRunnerWorker.runSuite(SuiteRunnerWorker.java:52)
      	at org.testng.SuiteRunnerWorker.run(SuiteRunnerWorker.java:84)
      	at org.testng.TestNG.runSuitesSequentially(TestNG.java:1208)
      	at org.testng.TestNG.runSuitesLocally(TestNG.java:1137)
      	at org.testng.TestNG.runSuites(TestNG.java:1049)
      	at org.testng.TestNG.run(TestNG.java:1017)
      	at org.apache.maven.surefire.testng.TestNGExecutor.run(TestNGExecutor.java:151)
      	at org.apache.maven.surefire.testng.TestNGDirectoryTestSuite.executeMulti(TestNGDirectoryTestSuite.java:197)
      	at org.apache.maven.surefire.testng.TestNGDirectoryTestSuite.execute(TestNGDirectoryTestSuite.java:93)
      	at org.apache.maven.surefire.testng.TestNGProvider.invoke(TestNGProvider.java:155)
      	at org.apache.maven.surefire.booter.ForkedBooter.runSuitesInProcess(ForkedBooter.java:456)
      	at org.apache.maven.surefire.booter.ForkedBooter.execute(ForkedBooter.java:169)
      	at org.apache.maven.surefire.booter.ForkedBooter.run(ForkedBooter.java:595)
      	at org.apache.maven.surefire.booter.ForkedBooter.main(ForkedBooter.java:581)
      	at ✽.Given I am on HomePage & Login to the application(logintest.feature:4)
      Caused by: java.lang.ExceptionInInitializerError: Exception java.lang.reflect.InaccessibleObjectException: Unable to make field private final java.util.Comparator java.util.TreeMap.comparator accessible: module java.base does not "opens java.util" to unnamed module @29774679 [in thread "main"]
      	at java.base/java.lang.reflect.AccessibleObject.throwInaccessibleObjectException(AccessibleObject.java:387)
      	at java.base/java.lang.reflect.AccessibleObject.checkCanSetAccessible(AccessibleObject.java:363)
      	at java.base/java.lang.reflect.AccessibleObject.checkCanSetAccessible(AccessibleObject.java:311)
      	at java.base/java.lang.reflect.Field.checkCanSetAccessible(Field.java:180)
      	at java.base/java.lang.reflect.Field.setAccessible(Field.java:174)
      	at cucumber.deps.com.thoughtworks.xstream.core.util.Fields.locate(Fields.java:39)
      	at cucumber.deps.com.thoughtworks.xstream.converters.collections.TreeMapConverter.<clinit>(TreeMapConverter.java:50)
      	at cucumber.deps.com.thoughtworks.xstream.XStream.setupConverters(XStream.java:820)
      	at cucumber.deps.com.thoughtworks.xstream.XStream.<init>(XStream.java:574)
      	at cucumber.deps.com.thoughtworks.xstream.XStream.<init>(XStream.java:530)
      	at cucumber.runtime.xstream.LocalizedXStreams$LocalizedXStream.<init>(LocalizedXStreams.java:50)
      	at cucumber.runtime.xstream.LocalizedXStreams.newXStream(LocalizedXStreams.java:37)
      	at cucumber.runtime.xstream.LocalizedXStreams.get(LocalizedXStreams.java:29)
      	at cucumber.runtime.StepDefinitionMatch.runStep(StepDefinitionMatch.java:37)
      	at cucumber.runtime.Runtime.runStep(Runtime.java:300)
      	at cucumber.runtime.model.StepContainer.runStep(StepContainer.java:44)
      	at cucumber.runtime.model.StepContainer.runSteps(StepContainer.java:39)
      	at cucumber.runtime.model.CucumberScenario.runBackground(CucumberScenario.java:59)
      	at cucumber.runtime.model.CucumberScenario.run(CucumberScenario.java:42)
      	at cucumber.runtime.junit.ExecutionUnitRunner.run(ExecutionUnitRunner.java:102)
      	at cucumber.runtime.junit.FeatureRunner.runChild(FeatureRunner.java:63)
      	at cucumber.runtime.junit.FeatureRunner.runChild(FeatureRunner.java:18)
      	at org.junit.runners.ParentRunner$3.run(ParentRunner.java:238)
      	at org.junit.runners.ParentRunner$1.schedule(ParentRunner.java:63)
      	at org.junit.runners.ParentRunner.runChildren(ParentRunner.java:236)
      	at org.junit.runners.ParentRunner.access$000(ParentRunner.java:53)
      	at org.junit.runners.ParentRunner$2.evaluate(ParentRunner.java:229)
      	at org.junit.runners.ParentRunner.run(ParentRunner.java:309)
      	at cucumber.runtime.junit.FeatureRunner.run(FeatureRunner.java:70)
      	at cucumber.api.junit.Cucumber.runChild(Cucumber.java:95)
      	at cucumber.api.junit.Cucumber.runChild(Cucumber.java:38)
      	at org.junit.runners.ParentRunner$3.run(ParentRunner.java:238)
      	at org.junit.runners.ParentRunner$1.schedule(ParentRunner.java:63)
      	at org.junit.runners.ParentRunner.runChildren(ParentRunner.java:236)
      	at org.junit.runners.ParentRunner.access$000(ParentRunner.java:53)
      	at org.junit.runners.ParentRunner$2.evaluate(ParentRunner.java:229)
      	at org.junit.internal.runners.statements.RunAfters.evaluate(RunAfters.java:27)
      	at org.junit.runners.ParentRunner.run(ParentRunner.java:309)
      	at cucumber.api.junit.Cucumber.run(Cucumber.java:100)
      	at org.junit.runner.JUnitCore.run(JUnitCore.java:160)
      	at org.junit.runner.JUnitCore.run(JUnitCore.java:138)
      	at org.testng.junit.JUnit4TestRunner.start(JUnit4TestRunner.java:82)
      	at org.testng.junit.JUnit4TestRunner.run(JUnit4TestRunner.java:70)
      	at org.testng.TestRunner$1.run(TestRunner.java:570)
      	at org.testng.TestRunner.runJUnitWorkers(TestRunner.java:717)
      	at org.testng.TestRunner.privateRunJUnit(TestRunner.java:601)
      	at org.testng.TestRunner.run(TestRunner.java:502)
      	at org.testng.SuiteRunner.runTest(SuiteRunner.java:455)
      	at org.testng.SuiteRunner.runSequentially(SuiteRunner.java:450)
      	at org.testng.SuiteRunner.privateRun(SuiteRunner.java:415)
      	at org.testng.SuiteRunner.run(SuiteRunner.java:364)
      	at org.testng.SuiteRunnerWorker.runSuite(SuiteRunnerWorker.java:52)
      	at org.testng.SuiteRunnerWorker.run(SuiteRunnerWorker.java:84)
      	at org.testng.TestNG.runSuitesSequentially(TestNG.java:1208)
      	at org.testng.TestNG.runSuitesLocally(TestNG.java:1137)
      	at org.testng.TestNG.runSuites(TestNG.java:1049)
      	at org.testng.TestNG.run(TestNG.java:1017)
      	at org.apache.maven.surefire.testng.TestNGExecutor.run(TestNGExecutor.java:151)
      	at org.apache.maven.surefire.testng.TestNGDirectoryTestSuite.executeMulti(TestNGDirectoryTestSuite.java:197)
      	at org.apache.maven.surefire.testng.TestNGDirectoryTestSuite.execute(TestNGDirectoryTestSuite.java:93)
      	at org.apache.maven.surefire.testng.TestNGProvider.invoke(TestNGProvider.java:155)
      	at org.apache.maven.surefire.booter.ForkedBooter.runSuitesInProcess(ForkedBooter.java:456)
      	at org.apache.maven.surefire.booter.ForkedBooter.execute(ForkedBooter.java:169)
      	at org.apache.maven.surefire.booter.ForkedBooter.run(ForkedBooter.java:595)
      	at org.apache.maven.surefire.booter.ForkedBooter.main(ForkedBooter.java:581)
      &amp#27;[0m

  @smoke @regression
  Scenario: I should see Logo      &amp#27;[90m# logintest.feature:11&amp#27;[0m
    &amp#27;[36mThen &amp#27;[0m&amp#27;[36mI see the Orange HRM Logo&amp#27;[0m &amp#27;[90m# LoginTestSteps.iSeeTheOrangeHRMLogo()&amp#27;[0m

  Background:                                         &amp#27;[90m# logintest.feature:3&amp#27;[0m
    &amp#27;[31mGiven &amp#27;[0m&amp#27;[31mI am on HomePage & Login to the application&amp#27;[0m &amp#27;[90m# UserTestSteps.iAmOnHomePageLoginToTheApplication()&amp#27;[0m
      &amp#27;[31mjava.lang.NoClassDefFoundError: Could not initialize class cucumber.deps.com.thoughtworks.xstream.converters.collections.TreeMapConverter
      	at cucumber.deps.com.thoughtworks.xstream.XStream.setupConverters(XStream.java:820)
      	at cucumber.deps.com.thoughtworks.xstream.XStream.<init>(XStream.java:574)
      	at cucumber.deps.com.thoughtworks.xstream.XStream.<init>(XStream.java:530)
      	at cucumber.runtime.xstream.LocalizedXStreams$LocalizedXStream.<init>(LocalizedXStreams.java:50)
      	at cucumber.runtime.xstream.LocalizedXStreams.newXStream(LocalizedXStreams.java:37)
      	at cucumber.runtime.xstream.LocalizedXStreams.get(LocalizedXStreams.java:29)
      	at cucumber.runtime.StepDefinitionMatch.runStep(StepDefinitionMatch.java:37)
      	at cucumber.runtime.Runtime.runStep(Runtime.java:300)
      	at cucumber.runtime.model.StepContainer.runStep(StepContainer.java:44)
      	at cucumber.runtime.model.StepContainer.runSteps(StepContainer.java:39)
      	at cucumber.runtime.model.CucumberScenario.runBackground(CucumberScenario.java:59)
      	at cucumber.runtime.model.CucumberScenario.run(CucumberScenario.java:42)
      	at cucumber.runtime.junit.ExecutionUnitRunner.run(ExecutionUnitRunner.java:102)
      	at cucumber.runtime.junit.FeatureRunner.runChild(FeatureRunner.java:63)
      	at cucumber.runtime.junit.FeatureRunner.runChild(FeatureRunner.java:18)
      	at org.junit.runners.ParentRunner$3.run(ParentRunner.java:238)
      	at org.junit.runners.ParentRunner$1.schedule(ParentRunner.java:63)
      	at org.junit.runners.ParentRunner.runChildren(ParentRunner.java:236)
      	at org.junit.runners.ParentRunner.access$000(ParentRunner.java:53)
      	at org.junit.runners.ParentRunner$2.evaluate(ParentRunner.java:229)
      	at org.junit.runners.ParentRunner.run(ParentRunner.java:309)
      	at cucumber.runtime.junit.FeatureRunner.run(FeatureRunner.java:70)
      	at cucumber.api.junit.Cucumber.runChild(Cucumber.java:95)
      	at cucumber.api.junit.Cucumber.runChild(Cucumber.java:38)
      	at org.junit.runners.ParentRunner$3.run(ParentRunner.java:238)
      	at org.junit.runners.ParentRunner$1.schedule(ParentRunner.java:63)
      	at org.junit.runners.ParentRunner.runChildren(ParentRunner.java:236)
      	at org.junit.runners.ParentRunner.access$000(ParentRunner.java:53)
      	at org.junit.runners.ParentRunner$2.evaluate(ParentRunner.java:229)
      	at org.junit.internal.runners.statements.RunAfters.evaluate(RunAfters.java:27)
      	at org.junit.runners.ParentRunner.run(ParentRunner.java:309)
      	at cucumber.api.junit.Cucumber.run(Cucumber.java:100)
      	at org.junit.runner.JUnitCore.run(JUnitCore.java:160)
      	at org.junit.runner.JUnitCore.run(JUnitCore.java:138)
      	at org.testng.junit.JUnit4TestRunner.start(JUnit4TestRunner.java:82)
      	at org.testng.junit.JUnit4TestRunner.run(JUnit4TestRunner.java:70)
      	at org.testng.TestRunner$1.run(TestRunner.java:570)
      	at org.testng.TestRunner.runJUnitWorkers(TestRunner.java:717)
      	at org.testng.TestRunner.privateRunJUnit(TestRunner.java:601)
      	at org.testng.TestRunner.run(TestRunner.java:502)
      	at org.testng.SuiteRunner.runTest(SuiteRunner.java:455)
      	at org.testng.SuiteRunner.runSequentially(SuiteRunner.java:450)
      	at org.testng.SuiteRunner.privateRun(SuiteRunner.java:415)
      	at org.testng.SuiteRunner.run(SuiteRunner.java:364)
      	at org.testng.SuiteRunnerWorker.runSuite(SuiteRunnerWorker.java:52)
      	at org.testng.SuiteRunnerWorker.run(SuiteRunnerWorker.java:84)
      	at org.testng.TestNG.runSuitesSequentially(TestNG.java:1208)
      	at org.testng.TestNG.runSuitesLocally(TestNG.java:1137)
      	at org.testng.TestNG.runSuites(TestNG.java:1049)
      	at org.testng.TestNG.run(TestNG.java:1017)
      	at org.apache.maven.surefire.testng.TestNGExecutor.run(TestNGExecutor.java:151)
      	at org.apache.maven.surefire.testng.TestNGDirectoryTestSuite.executeMulti(TestNGDirectoryTestSuite.java:197)
      	at org.apache.maven.surefire.testng.TestNGDirectoryTestSuite.execute(TestNGDirectoryTestSuite.java:93)
      	at org.apache.maven.surefire.testng.TestNGProvider.invoke(TestNGProvider.java:155)
      	at org.apache.maven.surefire.booter.ForkedBooter.runSuitesInProcess(ForkedBooter.java:456)
      	at org.apache.maven.surefire.booter.ForkedBooter.execute(ForkedBooter.java:169)
      	at org.apache.maven.surefire.booter.ForkedBooter.run(ForkedBooter.java:595)
      	at org.apache.maven.surefire.booter.ForkedBooter.main(ForkedBooter.java:581)
      	at ✽.Given I am on HomePage & Login to the application(logintest.feature:4)
      Caused by: java.lang.ExceptionInInitializerError: Exception java.lang.reflect.InaccessibleObjectException: Unable to make field private final java.util.Comparator java.util.TreeMap.comparator accessible: module java.base does not "opens java.util" to unnamed module @29774679 [in thread "main"]
      	at java.base/java.lang.reflect.AccessibleObject.throwInaccessibleObjectException(AccessibleObject.java:387)
      	at java.base/java.lang.reflect.AccessibleObject.checkCanSetAccessible(AccessibleObject.java:363)
      	at java.base/java.lang.reflect.AccessibleObject.checkCanSetAccessible(AccessibleObject.java:311)
      	at java.base/java.lang.reflect.Field.checkCanSetAccessible(Field.java:180)
      	at java.base/java.lang.reflect.Field.setAccessible(Field.java:174)
      	at cucumber.deps.com.thoughtworks.xstream.core.util.Fields.locate(Fields.java:39)
      	at cucumber.deps.com.thoughtworks.xstream.converters.collections.TreeMapConverter.<clinit>(TreeMapConverter.java:50)
      	at cucumber.deps.com.thoughtworks.xstream.XStream.setupConverters(XStream.java:820)
      	at cucumber.deps.com.thoughtworks.xstream.XStream.<init>(XStream.java:574)
      	at cucumber.deps.com.thoughtworks.xstream.XStream.<init>(XStream.java:530)
      	at cucumber.runtime.xstream.LocalizedXStreams$LocalizedXStream.<init>(LocalizedXStreams.java:50)
      	at cucumber.runtime.xstream.LocalizedXStreams.newXStream(LocalizedXStreams.java:37)
      	at cucumber.runtime.xstream.LocalizedXStreams.get(LocalizedXStreams.java:29)
      	at cucumber.runtime.StepDefinitionMatch.runStep(StepDefinitionMatch.java:37)
      	at cucumber.runtime.Runtime.runStep(Runtime.java:300)
      	at cucumber.runtime.model.StepContainer.runStep(StepContainer.java:44)
      	at cucumber.runtime.model.StepContainer.runSteps(StepContainer.java:39)
      	at cucumber.runtime.model.CucumberScenario.runBackground(CucumberScenario.java:59)
      	at cucumber.runtime.model.CucumberScenario.run(CucumberScenario.java:42)
      	at cucumber.runtime.junit.ExecutionUnitRunner.run(ExecutionUnitRunner.java:102)
      	at cucumber.runtime.junit.FeatureRunner.runChild(FeatureRunner.java:63)
      	at cucumber.runtime.junit.FeatureRunner.runChild(FeatureRunner.java:18)
      	at org.junit.runners.ParentRunner$3.run(ParentRunner.java:238)
      	at org.junit.runners.ParentRunner$1.schedule(ParentRunner.java:63)
      	at org.junit.runners.ParentRunner.runChildren(ParentRunner.java:236)
      	at org.junit.runners.ParentRunner.access$000(ParentRunner.java:53)
      	at org.junit.runners.ParentRunner$2.evaluate(ParentRunner.java:229)
      	at org.junit.runners.ParentRunner.run(ParentRunner.java:309)
      	at cucumber.runtime.junit.FeatureRunner.run(FeatureRunner.java:70)
      	at cucumber.api.junit.Cucumber.runChild(Cucumber.java:95)
      	at cucumber.api.junit.Cucumber.runChild(Cucumber.java:38)
      	at org.junit.runners.ParentRunner$3.run(ParentRunner.java:238)
      	at org.junit.runners.ParentRunner$1.schedule(ParentRunner.java:63)
      	at org.junit.runners.ParentRunner.runChildren(ParentRunner.java:236)
      	at org.junit.runners.ParentRunner.access$000(ParentRunner.java:53)
      	at org.junit.runners.ParentRunner$2.evaluate(ParentRunner.java:229)
      	at org.junit.internal.runners.statements.RunAfters.evaluate(RunAfters.java:27)
      	at org.junit.runners.ParentRunner.run(ParentRunner.java:309)
      	at cucumber.api.junit.Cucumber.run(Cucumber.java:100)
      	at org.junit.runner.JUnitCore.run(JUnitCore.java:160)
      	at org.junit.runner.JUnitCore.run(JUnitCore.java:138)
      	at org.testng.junit.JUnit4TestRunner.start(JUnit4TestRunner.java:82)
      	at org.testng.junit.JUnit4TestRunner.run(JUnit4TestRunner.java:70)
      	at org.testng.TestRunner$1.run(TestRunner.java:570)
      	at org.testng.TestRunner.runJUnitWorkers(TestRunner.java:717)
      	at org.testng.TestRunner.privateRunJUnit(TestRunner.java:601)
      	at org.testng.TestRunner.run(TestRunner.java:502)
      	at org.testng.SuiteRunner.runTest(SuiteRunner.java:455)
      	at org.testng.SuiteRunner.runSequentially(SuiteRunner.java:450)
      	at org.testng.SuiteRunner.privateRun(SuiteRunner.java:415)
      	at org.testng.SuiteRunner.run(SuiteRunner.java:364)
      	at org.testng.SuiteRunnerWorker.runSuite(SuiteRunnerWorker.java:52)
      	at org.testng.SuiteRunnerWorker.run(SuiteRunnerWorker.java:84)
      	at org.testng.TestNG.runSuitesSequentially(TestNG.java:1208)
      	at org.testng.TestNG.runSuitesLocally(TestNG.java:1137)
      	at org.testng.TestNG.runSuites(TestNG.java:1049)
      	at org.testng.TestNG.run(TestNG.java:1017)
      	at org.apache.maven.surefire.testng.TestNGExecutor.run(TestNGExecutor.java:151)
      	at org.apache.maven.surefire.testng.TestNGDirectoryTestSuite.executeMulti(TestNGDirectoryTestSuite.java:197)
      	at org.apache.maven.surefire.testng.TestNGDirectoryTestSuite.execute(TestNGDirectoryTestSuite.java:93)
      	at org.apache.maven.surefire.testng.TestNGProvider.invoke(TestNGProvider.java:155)
      	at org.apache.maven.surefire.booter.ForkedBooter.runSuitesInProcess(ForkedBooter.java:456)
      	at org.apache.maven.surefire.booter.ForkedBooter.execute(ForkedBooter.java:169)
      	at org.apache.maven.surefire.booter.ForkedBooter.run(ForkedBooter.java:595)
      	at org.apache.maven.surefire.booter.ForkedBooter.main(ForkedBooter.java:581)
      &amp#27;[0m

  @regression
  Scenario: I should log out successfully         &amp#27;[90m# logintest.feature:15&amp#27;[0m
    &amp#27;[36mWhen &amp#27;[0m&amp#27;[36mI click on user profile logo&amp#27;[0m             &amp#27;[90m# LoginTestSteps.iClickOnUserProfileLogo()&amp#27;[0m
    &amp#27;[36mAnd &amp#27;[0m&amp#27;[36mI mouse hover and click on logout&amp#27;[0m         &amp#27;[90m# LoginTestSteps.iMouseHoverAndClickOnLogout()&amp#27;[0m
    &amp#27;[36mThen &amp#27;[0m&amp#27;[36mI am logged out and see text Login Panel&amp#27;[0m &amp#27;[90m# LoginTestSteps.iAmLoggedOutAndSeeTextLoginPanel()&amp#27;[0m
Feature: As a user I want to verify admin can execute different actions on users.

  Background:                                         &amp#27;[90m# userstest.feature:3&amp#27;[0m
    &amp#27;[31mGiven &amp#27;[0m&amp#27;[31mI am on HomePage & Login to the application&amp#27;[0m &amp#27;[90m# UserTestSteps.iAmOnHomePageLoginToTheApplication()&amp#27;[0m
      &amp#27;[31mjava.lang.NoClassDefFoundError: Could not initialize class cucumber.deps.com.thoughtworks.xstream.converters.collections.TreeMapConverter
      	at cucumber.deps.com.thoughtworks.xstream.XStream.setupConverters(XStream.java:820)
      	at cucumber.deps.com.thoughtworks.xstream.XStream.<init>(XStream.java:574)
      	at cucumber.deps.com.thoughtworks.xstream.XStream.<init>(XStream.java:530)
      	at cucumber.runtime.xstream.LocalizedXStreams$LocalizedXStream.<init>(LocalizedXStreams.java:50)
      	at cucumber.runtime.xstream.LocalizedXStreams.newXStream(LocalizedXStreams.java:37)
      	at cucumber.runtime.xstream.LocalizedXStreams.get(LocalizedXStreams.java:29)
      	at cucumber.runtime.StepDefinitionMatch.runStep(StepDefinitionMatch.java:37)
      	at cucumber.runtime.Runtime.runStep(Runtime.java:300)
      	at cucumber.runtime.model.StepContainer.runStep(StepContainer.java:44)
      	at cucumber.runtime.model.StepContainer.runSteps(StepContainer.java:39)
      	at cucumber.runtime.model.CucumberScenario.runBackground(CucumberScenario.java:59)
      	at cucumber.runtime.model.CucumberScenario.run(CucumberScenario.java:42)
      	at cucumber.runtime.junit.ExecutionUnitRunner.run(ExecutionUnitRunner.java:102)
      	at cucumber.runtime.junit.FeatureRunner.runChild(FeatureRunner.java:63)
      	at cucumber.runtime.junit.FeatureRunner.runChild(FeatureRunner.java:18)
      	at org.junit.runners.ParentRunner$3.run(ParentRunner.java:238)
      	at org.junit.runners.ParentRunner$1.schedule(ParentRunner.java:63)
      	at org.junit.runners.ParentRunner.runChildren(ParentRunner.java:236)
      	at org.junit.runners.ParentRunner.access$000(ParentRunner.java:53)
      	at org.junit.runners.ParentRunner$2.evaluate(ParentRunner.java:229)
      	at org.junit.runners.ParentRunner.run(ParentRunner.java:309)
      	at cucumber.runtime.junit.FeatureRunner.run(FeatureRunner.java:70)
      	at cucumber.api.junit.Cucumber.runChild(Cucumber.java:95)
      	at cucumber.api.junit.Cucumber.runChild(Cucumber.java:38)
      	at org.junit.runners.ParentRunner$3.run(ParentRunner.java:238)
      	at org.junit.runners.ParentRunner$1.schedule(ParentRunner.java:63)
      	at org.junit.runners.ParentRunner.runChildren(ParentRunner.java:236)
      	at org.junit.runners.ParentRunner.access$000(ParentRunner.java:53)
      	at org.junit.runners.ParentRunner$2.evaluate(ParentRunner.java:229)
      	at org.junit.internal.runners.statements.RunAfters.evaluate(RunAfters.java:27)
      	at org.junit.runners.ParentRunner.run(ParentRunner.java:309)
      	at cucumber.api.junit.Cucumber.run(Cucumber.java:100)
      	at org.junit.runner.JUnitCore.run(JUnitCore.java:160)
      	at org.junit.runner.JUnitCore.run(JUnitCore.java:138)
      	at org.testng.junit.JUnit4TestRunner.start(JUnit4TestRunner.java:82)
      	at org.testng.junit.JUnit4TestRunner.run(JUnit4TestRunner.java:70)
      	at org.testng.TestRunner$1.run(TestRunner.java:570)
      	at org.testng.TestRunner.runJUnitWorkers(TestRunner.java:717)
      	at org.testng.TestRunner.privateRunJUnit(TestRunner.java:601)
      	at org.testng.TestRunner.run(TestRunner.java:502)
      	at org.testng.SuiteRunner.runTest(SuiteRunner.java:455)
      	at org.testng.SuiteRunner.runSequentially(SuiteRunner.java:450)
      	at org.testng.SuiteRunner.privateRun(SuiteRunner.java:415)
      	at org.testng.SuiteRunner.run(SuiteRunner.java:364)
      	at org.testng.SuiteRunnerWorker.runSuite(SuiteRunnerWorker.java:52)
      	at org.testng.SuiteRunnerWorker.run(SuiteRunnerWorker.java:84)
      	at org.testng.TestNG.runSuitesSequentially(TestNG.java:1208)
      	at org.testng.TestNG.runSuitesLocally(TestNG.java:1137)
      	at org.testng.TestNG.runSuites(TestNG.java:1049)
      	at org.testng.TestNG.run(TestNG.java:1017)
      	at org.apache.maven.surefire.testng.TestNGExecutor.run(TestNGExecutor.java:151)
      	at org.apache.maven.surefire.testng.TestNGDirectoryTestSuite.executeMulti(TestNGDirectoryTestSuite.java:197)
      	at org.apache.maven.surefire.testng.TestNGDirectoryTestSuite.execute(TestNGDirectoryTestSuite.java:93)
      	at org.apache.maven.surefire.testng.TestNGProvider.invoke(TestNGProvider.java:155)
      	at org.apache.maven.surefire.booter.ForkedBooter.runSuitesInProcess(ForkedBooter.java:456)
      	at org.apache.maven.surefire.booter.ForkedBooter.execute(ForkedBooter.java:169)
      	at org.apache.maven.surefire.booter.ForkedBooter.run(ForkedBooter.java:595)
      	at org.apache.maven.surefire.booter.ForkedBooter.main(ForkedBooter.java:581)
      	at ✽.Given I am on HomePage & Login to the application(userstest.feature:4)
      Caused by: java.lang.ExceptionInInitializerError: Exception java.lang.reflect.InaccessibleObjectException: Unable to make field private final java.util.Comparator java.util.TreeMap.comparator accessible: module java.base does not "opens java.util" to unnamed module @29774679 [in thread "main"]
      	at java.base/java.lang.reflect.AccessibleObject.throwInaccessibleObjectException(AccessibleObject.java:387)
      	at java.base/java.lang.reflect.AccessibleObject.checkCanSetAccessible(AccessibleObject.java:363)
      	at java.base/java.lang.reflect.AccessibleObject.checkCanSetAccessible(AccessibleObject.java:311)
      	at java.base/java.lang.reflect.Field.checkCanSetAccessible(Field.java:180)
      	at java.base/java.lang.reflect.Field.setAccessible(Field.java:174)
      	at cucumber.deps.com.thoughtworks.xstream.core.util.Fields.locate(Fields.java:39)
      	at cucumber.deps.com.thoughtworks.xstream.converters.collections.TreeMapConverter.<clinit>(TreeMapConverter.java:50)
      	at cucumber.deps.com.thoughtworks.xstream.XStream.setupConverters(XStream.java:820)
      	at cucumber.deps.com.thoughtworks.xstream.XStream.<init>(XStream.java:574)
      	at cucumber.deps.com.thoughtworks.xstream.XStream.<init>(XStream.java:530)
      	at cucumber.runtime.xstream.LocalizedXStreams$LocalizedXStream.<init>(LocalizedXStreams.java:50)
      	at cucumber.runtime.xstream.LocalizedXStreams.newXStream(LocalizedXStreams.java:37)
      	at cucumber.runtime.xstream.LocalizedXStreams.get(LocalizedXStreams.java:29)
      	at cucumber.runtime.StepDefinitionMatch.runStep(StepDefinitionMatch.java:37)
      	at cucumber.runtime.Runtime.runStep(Runtime.java:300)
      	at cucumber.runtime.model.StepContainer.runStep(StepContainer.java:44)
      	at cucumber.runtime.model.StepContainer.runSteps(StepContainer.java:39)
      	at cucumber.runtime.model.CucumberScenario.runBackground(CucumberScenario.java:59)
      	at cucumber.runtime.model.CucumberScenario.run(CucumberScenario.java:42)
      	at cucumber.runtime.junit.ExecutionUnitRunner.run(ExecutionUnitRunner.java:102)
      	at cucumber.runtime.junit.FeatureRunner.runChild(FeatureRunner.java:63)
      	at cucumber.runtime.junit.FeatureRunner.runChild(FeatureRunner.java:18)
      	at org.junit.runners.ParentRunner$3.run(ParentRunner.java:238)
      	at org.junit.runners.ParentRunner$1.schedule(ParentRunner.java:63)
      	at org.junit.runners.ParentRunner.runChildren(ParentRunner.java:236)
      	at org.junit.runners.ParentRunner.access$000(ParentRunner.java:53)
      	at org.junit.runners.ParentRunner$2.evaluate(ParentRunner.java:229)
      	at org.junit.runners.ParentRunner.run(ParentRunner.java:309)
      	at cucumber.runtime.junit.FeatureRunner.run(FeatureRunner.java:70)
      	at cucumber.api.junit.Cucumber.runChild(Cucumber.java:95)
      	at cucumber.api.junit.Cucumber.runChild(Cucumber.java:38)
      	at org.junit.runners.ParentRunner$3.run(ParentRunner.java:238)
      	at org.junit.runners.ParentRunner$1.schedule(ParentRunner.java:63)
      	at org.junit.runners.ParentRunner.runChildren(ParentRunner.java:236)
      	at org.junit.runners.ParentRunner.access$000(ParentRunner.java:53)
      	at org.junit.runners.ParentRunner$2.evaluate(ParentRunner.java:229)
      	at org.junit.internal.runners.statements.RunAfters.evaluate(RunAfters.java:27)
      	at org.junit.runners.ParentRunner.run(ParentRunner.java:309)
      	at cucumber.api.junit.Cucumber.run(Cucumber.java:100)
      	at org.junit.runner.JUnitCore.run(JUnitCore.java:160)
      	at org.junit.runner.JUnitCore.run(JUnitCore.java:138)
      	at org.testng.junit.JUnit4TestRunner.start(JUnit4TestRunner.java:82)
      	at org.testng.junit.JUnit4TestRunner.run(JUnit4TestRunner.java:70)
      	at org.testng.TestRunner$1.run(TestRunner.java:570)
      	at org.testng.TestRunner.runJUnitWorkers(TestRunner.java:717)
      	at org.testng.TestRunner.privateRunJUnit(TestRunner.java:601)
      	at org.testng.TestRunner.run(TestRunner.java:502)
      	at org.testng.SuiteRunner.runTest(SuiteRunner.java:455)
      	at org.testng.SuiteRunner.runSequentially(SuiteRunner.java:450)
      	at org.testng.SuiteRunner.privateRun(SuiteRunner.java:415)
      	at org.testng.SuiteRunner.run(SuiteRunner.java:364)
      	at org.testng.SuiteRunnerWorker.runSuite(SuiteRunnerWorker.java:52)
      	at org.testng.SuiteRunnerWorker.run(SuiteRunnerWorker.java:84)
      	at org.testng.TestNG.runSuitesSequentially(TestNG.java:1208)
      	at org.testng.TestNG.runSuitesLocally(TestNG.java:1137)
      	at org.testng.TestNG.runSuites(TestNG.java:1049)
      	at org.testng.TestNG.run(TestNG.java:1017)
      	at org.apache.maven.surefire.testng.TestNGExecutor.run(TestNGExecutor.java:151)
      	at org.apache.maven.surefire.testng.TestNGDirectoryTestSuite.executeMulti(TestNGDirectoryTestSuite.java:197)
      	at org.apache.maven.surefire.testng.TestNGDirectoryTestSuite.execute(TestNGDirectoryTestSuite.java:93)
      	at org.apache.maven.surefire.testng.TestNGProvider.invoke(TestNGProvider.java:155)
      	at org.apache.maven.surefire.booter.ForkedBooter.runSuitesInProcess(ForkedBooter.java:456)
      	at org.apache.maven.surefire.booter.ForkedBooter.execute(ForkedBooter.java:169)
      	at org.apache.maven.surefire.booter.ForkedBooter.run(ForkedBooter.java:595)
      	at org.apache.maven.surefire.booter.ForkedBooter.main(ForkedBooter.java:581)
      &amp#27;[0m

  @sanity @regression
  Scenario: Admin should be able to add users &amp#27;[90m# userstest.feature:7&amp#27;[0m
    &amp#27;[36mWhen &amp#27;[0m&amp#27;[36mI click On Admin Tab&amp#27;[0m                 &amp#27;[90m# UserTestSteps.iClickOnAdminTab()&amp#27;[0m
    &amp#27;[36mThen &amp#27;[0m&amp#27;[36mI Verify System Users Text&amp#27;[0m           &amp#27;[90m# UserTestSteps.iVerifySystemUsersText()&amp#27;[0m
    &amp#27;[36mWhen &amp#27;[0m&amp#27;[36mI click On Add button&amp#27;[0m                &amp#27;[90m# UserTestSteps.iClickOnAddButton()&amp#27;[0m
    &amp#27;[36mThen &amp#27;[0m&amp#27;[36mI Verify Add User Text&amp#27;[0m               &amp#27;[90m# UserTestSteps.iVerifyAddUserText()&amp#27;[0m
    &amp#27;[36mWhen &amp#27;[0m&amp#27;[36mI Select User Role Admin&amp#27;[0m             &amp#27;[90m# UserTestSteps.iSelectUserRoleAdmin()&amp#27;[0m
    &amp#27;[36mAnd &amp#27;[0m&amp#27;[36mI enter Employee Name Ananya Dash&amp#27;[0m     &amp#27;[90m# UserTestSteps.iEnterEmployeeNameAnanyaDash()&amp#27;[0m
    &amp#27;[36mAnd &amp#27;[0m&amp#27;[36mI enter User name&amp#27;[0m                     &amp#27;[90m# UserTestSteps.iEnterUserName()&amp#27;[0m
    &amp#27;[36mAnd &amp#27;[0m&amp#27;[36mI Select status Disable&amp#27;[0m               &amp#27;[90m# UserTestSteps.iSelectStatusDisable()&amp#27;[0m
    &amp#27;[36mAnd &amp#27;[0m&amp#27;[36mI enter password&amp#27;[0m                      &amp#27;[90m# UserTestSteps.iEnterPassword()&amp#27;[0m
    &amp#27;[36mAnd &amp#27;[0m&amp#27;[36mI enter Confirm Password&amp#27;[0m              &amp#27;[90m# UserTestSteps.iEnterConfirmPassword()&amp#27;[0m
    &amp#27;[36mAnd &amp#27;[0m&amp#27;[36mI click On Save Button&amp#27;[0m                &amp#27;[90m# UserTestSteps.iClickOnSaveButton()&amp#27;[0m
    &amp#27;[36mThen &amp#27;[0m&amp#27;[36mI verify message Successfully Saved&amp#27;[0m  &amp#27;[90m# UserTestSteps.iVerifyMessageSuccessfullySaved()&amp#27;[0m

  Background:                                         &amp#27;[90m# userstest.feature:3&amp#27;[0m
    &amp#27;[31mGiven &amp#27;[0m&amp#27;[31mI am on HomePage & Login to the application&amp#27;[0m &amp#27;[90m# UserTestSteps.iAmOnHomePageLoginToTheApplication()&amp#27;[0m
      &amp#27;[31mjava.lang.NoClassDefFoundError: Could not initialize class cucumber.deps.com.thoughtworks.xstream.converters.collections.TreeMapConverter
      	at cucumber.deps.com.thoughtworks.xstream.XStream.setupConverters(XStream.java:820)
      	at cucumber.deps.com.thoughtworks.xstream.XStream.<init>(XStream.java:574)
      	at cucumber.deps.com.thoughtworks.xstream.XStream.<init>(XStream.java:530)
      	at cucumber.runtime.xstream.LocalizedXStreams$LocalizedXStream.<init>(LocalizedXStreams.java:50)
      	at cucumber.runtime.xstream.LocalizedXStreams.newXStream(LocalizedXStreams.java:37)
      	at cucumber.runtime.xstream.LocalizedXStreams.get(LocalizedXStreams.java:29)
      	at cucumber.runtime.StepDefinitionMatch.runStep(StepDefinitionMatch.java:37)
      	at cucumber.runtime.Runtime.runStep(Runtime.java:300)
      	at cucumber.runtime.model.StepContainer.runStep(StepContainer.java:44)
      	at cucumber.runtime.model.StepContainer.runSteps(StepContainer.java:39)
      	at cucumber.runtime.model.CucumberScenario.runBackground(CucumberScenario.java:59)
      	at cucumber.runtime.model.CucumberScenario.run(CucumberScenario.java:42)
      	at cucumber.runtime.junit.ExecutionUnitRunner.run(ExecutionUnitRunner.java:102)
      	at cucumber.runtime.junit.FeatureRunner.runChild(FeatureRunner.java:63)
      	at cucumber.runtime.junit.FeatureRunner.runChild(FeatureRunner.java:18)
      	at org.junit.runners.ParentRunner$3.run(ParentRunner.java:238)
      	at org.junit.runners.ParentRunner$1.schedule(ParentRunner.java:63)
      	at org.junit.runners.ParentRunner.runChildren(ParentRunner.java:236)
      	at org.junit.runners.ParentRunner.access$000(ParentRunner.java:53)
      	at org.junit.runners.ParentRunner$2.evaluate(ParentRunner.java:229)
      	at org.junit.runners.ParentRunner.run(ParentRunner.java:309)
      	at cucumber.runtime.junit.FeatureRunner.run(FeatureRunner.java:70)
      	at cucumber.api.junit.Cucumber.runChild(Cucumber.java:95)
      	at cucumber.api.junit.Cucumber.runChild(Cucumber.java:38)
      	at org.junit.runners.ParentRunner$3.run(ParentRunner.java:238)
      	at org.junit.runners.ParentRunner$1.schedule(ParentRunner.java:63)
      	at org.junit.runners.ParentRunner.runChildren(ParentRunner.java:236)
      	at org.junit.runners.ParentRunner.access$000(ParentRunner.java:53)
      	at org.junit.runners.ParentRunner$2.evaluate(ParentRunner.java:229)
      	at org.junit.internal.runners.statements.RunAfters.evaluate(RunAfters.java:27)
      	at org.junit.runners.ParentRunner.run(ParentRunner.java:309)
      	at cucumber.api.junit.Cucumber.run(Cucumber.java:100)
      	at org.junit.runner.JUnitCore.run(JUnitCore.java:160)
      	at org.junit.runner.JUnitCore.run(JUnitCore.java:138)
      	at org.testng.junit.JUnit4TestRunner.start(JUnit4TestRunner.java:82)
      	at org.testng.junit.JUnit4TestRunner.run(JUnit4TestRunner.java:70)
      	at org.testng.TestRunner$1.run(TestRunner.java:570)
      	at org.testng.TestRunner.runJUnitWorkers(TestRunner.java:717)
      	at org.testng.TestRunner.privateRunJUnit(TestRunner.java:601)
      	at org.testng.TestRunner.run(TestRunner.java:502)
      	at org.testng.SuiteRunner.runTest(SuiteRunner.java:455)
      	at org.testng.SuiteRunner.runSequentially(SuiteRunner.java:450)
      	at org.testng.SuiteRunner.privateRun(SuiteRunner.java:415)
      	at org.testng.SuiteRunner.run(SuiteRunner.java:364)
      	at org.testng.SuiteRunnerWorker.runSuite(SuiteRunnerWorker.java:52)
      	at org.testng.SuiteRunnerWorker.run(SuiteRunnerWorker.java:84)
      	at org.testng.TestNG.runSuitesSequentially(TestNG.java:1208)
      	at org.testng.TestNG.runSuitesLocally(TestNG.java:1137)
      	at org.testng.TestNG.runSuites(TestNG.java:1049)
      	at org.testng.TestNG.run(TestNG.java:1017)
      	at org.apache.maven.surefire.testng.TestNGExecutor.run(TestNGExecutor.java:151)
      	at org.apache.maven.surefire.testng.TestNGDirectoryTestSuite.executeMulti(TestNGDirectoryTestSuite.java:197)
      	at org.apache.maven.surefire.testng.TestNGDirectoryTestSuite.execute(TestNGDirectoryTestSuite.java:93)
      	at org.apache.maven.surefire.testng.TestNGProvider.invoke(TestNGProvider.java:155)
      	at org.apache.maven.surefire.booter.ForkedBooter.runSuitesInProcess(ForkedBooter.java:456)
      	at org.apache.maven.surefire.booter.ForkedBooter.execute(ForkedBooter.java:169)
      	at org.apache.maven.surefire.booter.ForkedBooter.run(ForkedBooter.java:595)
      	at org.apache.maven.surefire.booter.ForkedBooter.main(ForkedBooter.java:581)
      	at ✽.Given I am on HomePage & Login to the application(userstest.feature:4)
      Caused by: java.lang.ExceptionInInitializerError: Exception java.lang.reflect.InaccessibleObjectException: Unable to make field private final java.util.Comparator java.util.TreeMap.comparator accessible: module java.base does not "opens java.util" to unnamed module @29774679 [in thread "main"]
      	at java.base/java.lang.reflect.AccessibleObject.throwInaccessibleObjectException(AccessibleObject.java:387)
      	at java.base/java.lang.reflect.AccessibleObject.checkCanSetAccessible(AccessibleObject.java:363)
      	at java.base/java.lang.reflect.AccessibleObject.checkCanSetAccessible(AccessibleObject.java:311)
      	at java.base/java.lang.reflect.Field.checkCanSetAccessible(Field.java:180)
      	at java.base/java.lang.reflect.Field.setAccessible(Field.java:174)
      	at cucumber.deps.com.thoughtworks.xstream.core.util.Fields.locate(Fields.java:39)
      	at cucumber.deps.com.thoughtworks.xstream.converters.collections.TreeMapConverter.<clinit>(TreeMapConverter.java:50)
      	at cucumber.deps.com.thoughtworks.xstream.XStream.setupConverters(XStream.java:820)
      	at cucumber.deps.com.thoughtworks.xstream.XStream.<init>(XStream.java:574)
      	at cucumber.deps.com.thoughtworks.xstream.XStream.<init>(XStream.java:530)
      	at cucumber.runtime.xstream.LocalizedXStreams$LocalizedXStream.<init>(LocalizedXStreams.java:50)
      	at cucumber.runtime.xstream.LocalizedXStreams.newXStream(LocalizedXStreams.java:37)
      	at cucumber.runtime.xstream.LocalizedXStreams.get(LocalizedXStreams.java:29)
      	at cucumber.runtime.StepDefinitionMatch.runStep(StepDefinitionMatch.java:37)
      	at cucumber.runtime.Runtime.runStep(Runtime.java:300)
      	at cucumber.runtime.model.StepContainer.runStep(StepContainer.java:44)
      	at cucumber.runtime.model.StepContainer.runSteps(StepContainer.java:39)
      	at cucumber.runtime.model.CucumberScenario.runBackground(CucumberScenario.java:59)
      	at cucumber.runtime.model.CucumberScenario.run(CucumberScenario.java:42)
      	at cucumber.runtime.junit.ExecutionUnitRunner.run(ExecutionUnitRunner.java:102)
      	at cucumber.runtime.junit.FeatureRunner.runChild(FeatureRunner.java:63)
      	at cucumber.runtime.junit.FeatureRunner.runChild(FeatureRunner.java:18)
      	at org.junit.runners.ParentRunner$3.run(ParentRunner.java:238)
      	at org.junit.runners.ParentRunner$1.schedule(ParentRunner.java:63)
      	at org.junit.runners.ParentRunner.runChildren(ParentRunner.java:236)
      	at org.junit.runners.ParentRunner.access$000(ParentRunner.java:53)
      	at org.junit.runners.ParentRunner$2.evaluate(ParentRunner.java:229)
      	at org.junit.runners.ParentRunner.run(ParentRunner.java:309)
      	at cucumber.runtime.junit.FeatureRunner.run(FeatureRunner.java:70)
      	at cucumber.api.junit.Cucumber.runChild(Cucumber.java:95)
      	at cucumber.api.junit.Cucumber.runChild(Cucumber.java:38)
      	at org.junit.runners.ParentRunner$3.run(ParentRunner.java:238)
      	at org.junit.runners.ParentRunner$1.schedule(ParentRunner.java:63)
      	at org.junit.runners.ParentRunner.runChildren(ParentRunner.java:236)
      	at org.junit.runners.ParentRunner.access$000(ParentRunner.java:53)
      	at org.junit.runners.ParentRunner$2.evaluate(ParentRunner.java:229)
      	at org.junit.internal.runners.statements.RunAfters.evaluate(RunAfters.java:27)
      	at org.junit.runners.ParentRunner.run(ParentRunner.java:309)
      	at cucumber.api.junit.Cucumber.run(Cucumber.java:100)
      	at org.junit.runner.JUnitCore.run(JUnitCore.java:160)
      	at org.junit.runner.JUnitCore.run(JUnitCore.java:138)
      	at org.testng.junit.JUnit4TestRunner.start(JUnit4TestRunner.java:82)
      	at org.testng.junit.JUnit4TestRunner.run(JUnit4TestRunner.java:70)
      	at org.testng.TestRunner$1.run(TestRunner.java:570)
      	at org.testng.TestRunner.runJUnitWorkers(TestRunner.java:717)
      	at org.testng.TestRunner.privateRunJUnit(TestRunner.java:601)
      	at org.testng.TestRunner.run(TestRunner.java:502)
      	at org.testng.SuiteRunner.runTest(SuiteRunner.java:455)
      	at org.testng.SuiteRunner.runSequentially(SuiteRunner.java:450)
      	at org.testng.SuiteRunner.privateRun(SuiteRunner.java:415)
      	at org.testng.SuiteRunner.run(SuiteRunner.java:364)
      	at org.testng.SuiteRunnerWorker.runSuite(SuiteRunnerWorker.java:52)
      	at org.testng.SuiteRunnerWorker.run(SuiteRunnerWorker.java:84)
      	at org.testng.TestNG.runSuitesSequentially(TestNG.java:1208)
      	at org.testng.TestNG.runSuitesLocally(TestNG.java:1137)
      	at org.testng.TestNG.runSuites(TestNG.java:1049)
      	at org.testng.TestNG.run(TestNG.java:1017)
      	at org.apache.maven.surefire.testng.TestNGExecutor.run(TestNGExecutor.java:151)
      	at org.apache.maven.surefire.testng.TestNGDirectoryTestSuite.executeMulti(TestNGDirectoryTestSuite.java:197)
      	at org.apache.maven.surefire.testng.TestNGDirectoryTestSuite.execute(TestNGDirectoryTestSuite.java:93)
      	at org.apache.maven.surefire.testng.TestNGProvider.invoke(TestNGProvider.java:155)
      	at org.apache.maven.surefire.booter.ForkedBooter.runSuitesInProcess(ForkedBooter.java:456)
      	at org.apache.maven.surefire.booter.ForkedBooter.execute(ForkedBooter.java:169)
      	at org.apache.maven.surefire.booter.ForkedBooter.run(ForkedBooter.java:595)
      	at org.apache.maven.surefire.booter.ForkedBooter.main(ForkedBooter.java:581)
      &amp#27;[0m

  @smoke @regression
  Scenario: Admin should be able to search the user created and verify it. &amp#27;[90m# userstest.feature:22&amp#27;[0m
    &amp#27;[36mWhen &amp#27;[0m&amp#27;[36mI click On Admin Tab&amp#27;[0m                                              &amp#27;[90m# UserTestSteps.iClickOnAdminTab()&amp#27;[0m
    &amp#27;[36mThen &amp#27;[0m&amp#27;[36mI Verify System Users Text&amp#27;[0m                                        &amp#27;[90m# UserTestSteps.iVerifySystemUsersText()&amp#27;[0m
    &amp#27;[36mWhen &amp#27;[0m&amp#27;[36mI Enter username&amp#27;[0m                                                  &amp#27;[90m# UserTestSteps.iEnterUsername()&amp#27;[0m
    &amp#27;[36mAnd &amp#27;[0m&amp#27;[36mI Select user role&amp#27;[0m                                                 &amp#27;[90m# UserTestSteps.iSelectUserRole()&amp#27;[0m
    &amp#27;[36mAnd &amp#27;[0m&amp#27;[36mI select status&amp#27;[0m                                                    &amp#27;[90m# UserTestSteps.iSelectStatus()&amp#27;[0m
    &amp#27;[36mAnd &amp#27;[0m&amp#27;[36mI click on search&amp#27;[0m                                                  &amp#27;[90m# UserTestSteps.iClickOnSearch()&amp#27;[0m
    &amp#27;[36mThen &amp#27;[0m&amp#27;[36mI should see the user in the list&amp#27;[0m                                 &amp#27;[90m# UserTestSteps.iShouldSeeTheUserInTheList()&amp#27;[0m

  Background:                                         &amp#27;[90m# userstest.feature:3&amp#27;[0m
    &amp#27;[31mGiven &amp#27;[0m&amp#27;[31mI am on HomePage & Login to the application&amp#27;[0m &amp#27;[90m# UserTestSteps.iAmOnHomePageLoginToTheApplication()&amp#27;[0m
      &amp#27;[31mjava.lang.NoClassDefFoundError: Could not initialize class cucumber.deps.com.thoughtworks.xstream.converters.collections.TreeMapConverter
      	at cucumber.deps.com.thoughtworks.xstream.XStream.setupConverters(XStream.java:820)
      	at cucumber.deps.com.thoughtworks.xstream.XStream.<init>(XStream.java:574)
      	at cucumber.deps.com.thoughtworks.xstream.XStream.<init>(XStream.java:530)
      	at cucumber.runtime.xstream.LocalizedXStreams$LocalizedXStream.<init>(LocalizedXStreams.java:50)
      	at cucumber.runtime.xstream.LocalizedXStreams.newXStream(LocalizedXStreams.java:37)
      	at cucumber.runtime.xstream.LocalizedXStreams.get(LocalizedXStreams.java:29)
      	at cucumber.runtime.StepDefinitionMatch.runStep(StepDefinitionMatch.java:37)
      	at cucumber.runtime.Runtime.runStep(Runtime.java:300)
      	at cucumber.runtime.model.StepContainer.runStep(StepContainer.java:44)
      	at cucumber.runtime.model.StepContainer.runSteps(StepContainer.java:39)
      	at cucumber.runtime.model.CucumberScenario.runBackground(CucumberScenario.java:59)
      	at cucumber.runtime.model.CucumberScenario.run(CucumberScenario.java:42)
      	at cucumber.runtime.junit.ExecutionUnitRunner.run(ExecutionUnitRunner.java:102)
      	at cucumber.runtime.junit.FeatureRunner.runChild(FeatureRunner.java:63)
      	at cucumber.runtime.junit.FeatureRunner.runChild(FeatureRunner.java:18)
      	at org.junit.runners.ParentRunner$3.run(ParentRunner.java:238)
      	at org.junit.runners.ParentRunner$1.schedule(ParentRunner.java:63)
      	at org.junit.runners.ParentRunner.runChildren(ParentRunner.java:236)
      	at org.junit.runners.ParentRunner.access$000(ParentRunner.java:53)
      	at org.junit.runners.ParentRunner$2.evaluate(ParentRunner.java:229)
      	at org.junit.runners.ParentRunner.run(ParentRunner.java:309)
      	at cucumber.runtime.junit.FeatureRunner.run(FeatureRunner.java:70)
      	at cucumber.api.junit.Cucumber.runChild(Cucumber.java:95)
      	at cucumber.api.junit.Cucumber.runChild(Cucumber.java:38)
      	at org.junit.runners.ParentRunner$3.run(ParentRunner.java:238)
      	at org.junit.runners.ParentRunner$1.schedule(ParentRunner.java:63)
      	at org.junit.runners.ParentRunner.runChildren(ParentRunner.java:236)
      	at org.junit.runners.ParentRunner.access$000(ParentRunner.java:53)
      	at org.junit.runners.ParentRunner$2.evaluate(ParentRunner.java:229)
      	at org.junit.internal.runners.statements.RunAfters.evaluate(RunAfters.java:27)
      	at org.junit.runners.ParentRunner.run(ParentRunner.java:309)
      	at cucumber.api.junit.Cucumber.run(Cucumber.java:100)
      	at org.junit.runner.JUnitCore.run(JUnitCore.java:160)
      	at org.junit.runner.JUnitCore.run(JUnitCore.java:138)
      	at org.testng.junit.JUnit4TestRunner.start(JUnit4TestRunner.java:82)
      	at org.testng.junit.JUnit4TestRunner.run(JUnit4TestRunner.java:70)
      	at org.testng.TestRunner$1.run(TestRunner.java:570)
      	at org.testng.TestRunner.runJUnitWorkers(TestRunner.java:717)
      	at org.testng.TestRunner.privateRunJUnit(TestRunner.java:601)
      	at org.testng.TestRunner.run(TestRunner.java:502)
      	at org.testng.SuiteRunner.runTest(SuiteRunner.java:455)
      	at org.testng.SuiteRunner.runSequentially(SuiteRunner.java:450)
      	at org.testng.SuiteRunner.privateRun(SuiteRunner.java:415)
      	at org.testng.SuiteRunner.run(SuiteRunner.java:364)
      	at org.testng.SuiteRunnerWorker.runSuite(SuiteRunnerWorker.java:52)
      	at org.testng.SuiteRunnerWorker.run(SuiteRunnerWorker.java:84)
      	at org.testng.TestNG.runSuitesSequentially(TestNG.java:1208)
      	at org.testng.TestNG.runSuitesLocally(TestNG.java:1137)
      	at org.testng.TestNG.runSuites(TestNG.java:1049)
      	at org.testng.TestNG.run(TestNG.java:1017)
      	at org.apache.maven.surefire.testng.TestNGExecutor.run(TestNGExecutor.java:151)
      	at org.apache.maven.surefire.testng.TestNGDirectoryTestSuite.executeMulti(TestNGDirectoryTestSuite.java:197)
      	at org.apache.maven.surefire.testng.TestNGDirectoryTestSuite.execute(TestNGDirectoryTestSuite.java:93)
      	at org.apache.maven.surefire.testng.TestNGProvider.invoke(TestNGProvider.java:155)
      	at org.apache.maven.surefire.booter.ForkedBooter.runSuitesInProcess(ForkedBooter.java:456)
      	at org.apache.maven.surefire.booter.ForkedBooter.execute(ForkedBooter.java:169)
      	at org.apache.maven.surefire.booter.ForkedBooter.run(ForkedBooter.java:595)
      	at org.apache.maven.surefire.booter.ForkedBooter.main(ForkedBooter.java:581)
      	at ✽.Given I am on HomePage & Login to the application(userstest.feature:4)
      Caused by: java.lang.ExceptionInInitializerError: Exception java.lang.reflect.InaccessibleObjectException: Unable to make field private final java.util.Comparator java.util.TreeMap.comparator accessible: module java.base does not "opens java.util" to unnamed module @29774679 [in thread "main"]
      	at java.base/java.lang.reflect.AccessibleObject.throwInaccessibleObjectException(AccessibleObject.java:387)
      	at java.base/java.lang.reflect.AccessibleObject.checkCanSetAccessible(AccessibleObject.java:363)
      	at java.base/java.lang.reflect.AccessibleObject.checkCanSetAccessible(AccessibleObject.java:311)
      	at java.base/java.lang.reflect.Field.checkCanSetAccessible(Field.java:180)
      	at java.base/java.lang.reflect.Field.setAccessible(Field.java:174)
      	at cucumber.deps.com.thoughtworks.xstream.core.util.Fields.locate(Fields.java:39)
      	at cucumber.deps.com.thoughtworks.xstream.converters.collections.TreeMapConverter.<clinit>(TreeMapConverter.java:50)
      	at cucumber.deps.com.thoughtworks.xstream.XStream.setupConverters(XStream.java:820)
      	at cucumber.deps.com.thoughtworks.xstream.XStream.<init>(XStream.java:574)
      	at cucumber.deps.com.thoughtworks.xstream.XStream.<init>(XStream.java:530)
      	at cucumber.runtime.xstream.LocalizedXStreams$LocalizedXStream.<init>(LocalizedXStreams.java:50)
      	at cucumber.runtime.xstream.LocalizedXStreams.newXStream(LocalizedXStreams.java:37)
      	at cucumber.runtime.xstream.LocalizedXStreams.get(LocalizedXStreams.java:29)
      	at cucumber.runtime.StepDefinitionMatch.runStep(StepDefinitionMatch.java:37)
      	at cucumber.runtime.Runtime.runStep(Runtime.java:300)
      	at cucumber.runtime.model.StepContainer.runStep(StepContainer.java:44)
      	at cucumber.runtime.model.StepContainer.runSteps(StepContainer.java:39)
      	at cucumber.runtime.model.CucumberScenario.runBackground(CucumberScenario.java:59)
      	at cucumber.runtime.model.CucumberScenario.run(CucumberScenario.java:42)
      	at cucumber.runtime.junit.ExecutionUnitRunner.run(ExecutionUnitRunner.java:102)
      	at cucumber.runtime.junit.FeatureRunner.runChild(FeatureRunner.java:63)
      	at cucumber.runtime.junit.FeatureRunner.runChild(FeatureRunner.java:18)
      	at org.junit.runners.ParentRunner$3.run(ParentRunner.java:238)
      	at org.junit.runners.ParentRunner$1.schedule(ParentRunner.java:63)
      	at org.junit.runners.ParentRunner.runChildren(ParentRunner.java:236)
      	at org.junit.runners.ParentRunner.access$000(ParentRunner.java:53)
      	at org.junit.runners.ParentRunner$2.evaluate(ParentRunner.java:229)
      	at org.junit.runners.ParentRunner.run(ParentRunner.java:309)
      	at cucumber.runtime.junit.FeatureRunner.run(FeatureRunner.java:70)
      	at cucumber.api.junit.Cucumber.runChild(Cucumber.java:95)
      	at cucumber.api.junit.Cucumber.runChild(Cucumber.java:38)
      	at org.junit.runners.ParentRunner$3.run(ParentRunner.java:238)
      	at org.junit.runners.ParentRunner$1.schedule(ParentRunner.java:63)
      	at org.junit.runners.ParentRunner.runChildren(ParentRunner.java:236)
      	at org.junit.runners.ParentRunner.access$000(ParentRunner.java:53)
      	at org.junit.runners.ParentRunner$2.evaluate(ParentRunner.java:229)
      	at org.junit.internal.runners.statements.RunAfters.evaluate(RunAfters.java:27)
      	at org.junit.runners.ParentRunner.run(ParentRunner.java:309)
      	at cucumber.api.junit.Cucumber.run(Cucumber.java:100)
      	at org.junit.runner.JUnitCore.run(JUnitCore.java:160)
      	at org.junit.runner.JUnitCore.run(JUnitCore.java:138)
      	at org.testng.junit.JUnit4TestRunner.start(JUnit4TestRunner.java:82)
      	at org.testng.junit.JUnit4TestRunner.run(JUnit4TestRunner.java:70)
      	at org.testng.TestRunner$1.run(TestRunner.java:570)
      	at org.testng.TestRunner.runJUnitWorkers(TestRunner.java:717)
      	at org.testng.TestRunner.privateRunJUnit(TestRunner.java:601)
      	at org.testng.TestRunner.run(TestRunner.java:502)
      	at org.testng.SuiteRunner.runTest(SuiteRunner.java:455)
      	at org.testng.SuiteRunner.runSequentially(SuiteRunner.java:450)
      	at org.testng.SuiteRunner.privateRun(SuiteRunner.java:415)
      	at org.testng.SuiteRunner.run(SuiteRunner.java:364)
      	at org.testng.SuiteRunnerWorker.runSuite(SuiteRunnerWorker.java:52)
      	at org.testng.SuiteRunnerWorker.run(SuiteRunnerWorker.java:84)
      	at org.testng.TestNG.runSuitesSequentially(TestNG.java:1208)
      	at org.testng.TestNG.runSuitesLocally(TestNG.java:1137)
      	at org.testng.TestNG.runSuites(TestNG.java:1049)
      	at org.testng.TestNG.run(TestNG.java:1017)
      	at org.apache.maven.surefire.testng.TestNGExecutor.run(TestNGExecutor.java:151)
      	at org.apache.maven.surefire.testng.TestNGDirectoryTestSuite.executeMulti(TestNGDirectoryTestSuite.java:197)
      	at org.apache.maven.surefire.testng.TestNGDirectoryTestSuite.execute(TestNGDirectoryTestSuite.java:93)
      	at org.apache.maven.surefire.testng.TestNGProvider.invoke(TestNGProvider.java:155)
      	at org.apache.maven.surefire.booter.ForkedBooter.runSuitesInProcess(ForkedBooter.java:456)
      	at org.apache.maven.surefire.booter.ForkedBooter.execute(ForkedBooter.java:169)
      	at org.apache.maven.surefire.booter.ForkedBooter.run(ForkedBooter.java:595)
      	at org.apache.maven.surefire.booter.ForkedBooter.main(ForkedBooter.java:581)
      &amp#27;[0m

  @regression
  Scenario: Admin should be able to delete the user record. &amp#27;[90m# userstest.feature:33&amp#27;[0m
    &amp#27;[36mWhen &amp#27;[0m&amp#27;[36mI click On Admin Tab&amp#27;[0m                               &amp#27;[90m# UserTestSteps.iClickOnAdminTab()&amp#27;[0m
    &amp#27;[36mThen &amp#27;[0m&amp#27;[36mI Verify System Users Text&amp#27;[0m                         &amp#27;[90m# UserTestSteps.iVerifySystemUsersText()&amp#27;[0m
    &amp#27;[36mWhen &amp#27;[0m&amp#27;[36mI click On Add button&amp#27;[0m                              &amp#27;[90m# UserTestSteps.iClickOnAddButton()&amp#27;[0m
    &amp#27;[36mThen &amp#27;[0m&amp#27;[36mI Verify Add User Text&amp#27;[0m                             &amp#27;[90m# UserTestSteps.iVerifyAddUserText()&amp#27;[0m
    &amp#27;[36mWhen &amp#27;[0m&amp#27;[36mI Select User Role Admin&amp#27;[0m                           &amp#27;[90m# UserTestSteps.iSelectUserRoleAdmin()&amp#27;[0m
    &amp#27;[36mAnd &amp#27;[0m&amp#27;[36mI enter Employee Name Ananya Dash&amp#27;[0m                   &amp#27;[90m# UserTestSteps.iEnterEmployeeNameAnanyaDash()&amp#27;[0m
    &amp#27;[36mAnd &amp#27;[0m&amp#27;[36mI enter User name&amp#27;[0m                                   &amp#27;[90m# UserTestSteps.iEnterUserName()&amp#27;[0m
    &amp#27;[36mAnd &amp#27;[0m&amp#27;[36mI select status enable&amp#27;[0m                              &amp#27;[90m# UserTestSteps.iSelectStatusEnable()&amp#27;[0m
    &amp#27;[36mAnd &amp#27;[0m&amp#27;[36mI enter password&amp#27;[0m                                    &amp#27;[90m# UserTestSteps.iEnterPassword()&amp#27;[0m
    &amp#27;[36mAnd &amp#27;[0m&amp#27;[36mI enter Confirm Password&amp#27;[0m                            &amp#27;[90m# UserTestSteps.iEnterConfirmPassword()&amp#27;[0m
    &amp#27;[36mAnd &amp#27;[0m&amp#27;[36mI click On Save Button&amp#27;[0m                              &amp#27;[90m# UserTestSteps.iClickOnSaveButton()&amp#27;[0m
    &amp#27;[36mAnd &amp#27;[0m&amp#27;[36mI search for user&amp#27;[0m                                   &amp#27;[90m# UserTestSteps.iSearchForUser()&amp#27;[0m
    &amp#27;[36mAnd &amp#27;[0m&amp#27;[36mI select user role&amp#27;[0m                                  &amp#27;[90m# UserTestSteps.iSelectUserRole2()&amp#27;[0m
    &amp#27;[36mAnd &amp#27;[0m&amp#27;[36mI select the status&amp#27;[0m                                 &amp#27;[90m# UserTestSteps.iSelectTheStatus()&amp#27;[0m
    &amp#27;[36mAnd &amp#27;[0m&amp#27;[36mI click on Search&amp#27;[0m                                   &amp#27;[90m# UserTestSteps.iClickOnSearch2()&amp#27;[0m
    &amp#27;[36mAnd &amp#27;[0m&amp#27;[36mI click on check box&amp#27;[0m                                &amp#27;[90m# UserTestSteps.iClickOnCheckBox()&amp#27;[0m
    &amp#27;[36mAnd &amp#27;[0m&amp#27;[36mI click delete&amp#27;[0m                                      &amp#27;[90m# UserTestSteps.iClickDelete()&amp#27;[0m
    &amp#27;[36mAnd &amp#27;[0m&amp#27;[36mI click ok on pop up&amp#27;[0m                                &amp#27;[90m# UserTestSteps.iClickOkOnPopUp()&amp#27;[0m
    &amp#27;[36mThen &amp#27;[0m&amp#27;[36mI should see message Successfully Deleted&amp#27;[0m          &amp#27;[90m# UserTestSteps.iShouldSeeMessageSuccessfullyDeleted()&amp#27;[0m

  Background:                                         &amp#27;[90m# userstest.feature:3&amp#27;[0m
    &amp#27;[31mGiven &amp#27;[0m&amp#27;[31mI am on HomePage & Login to the application&amp#27;[0m &amp#27;[90m# UserTestSteps.iAmOnHomePageLoginToTheApplication()&amp#27;[0m
      &amp#27;[31mjava.lang.NoClassDefFoundError: Could not initialize class cucumber.deps.com.thoughtworks.xstream.converters.collections.TreeMapConverter
      	at cucumber.deps.com.thoughtworks.xstream.XStream.setupConverters(XStream.java:820)
      	at cucumber.deps.com.thoughtworks.xstream.XStream.<init>(XStream.java:574)
      	at cucumber.deps.com.thoughtworks.xstream.XStream.<init>(XStream.java:530)
      	at cucumber.runtime.xstream.LocalizedXStreams$LocalizedXStream.<init>(LocalizedXStreams.java:50)
      	at cucumber.runtime.xstream.LocalizedXStreams.newXStream(LocalizedXStreams.java:37)
      	at cucumber.runtime.xstream.LocalizedXStreams.get(LocalizedXStreams.java:29)
      	at cucumber.runtime.StepDefinitionMatch.runStep(StepDefinitionMatch.java:37)
      	at cucumber.runtime.Runtime.runStep(Runtime.java:300)
      	at cucumber.runtime.model.StepContainer.runStep(StepContainer.java:44)
      	at cucumber.runtime.model.StepContainer.runSteps(StepContainer.java:39)
      	at cucumber.runtime.model.CucumberScenario.runBackground(CucumberScenario.java:59)
      	at cucumber.runtime.model.CucumberScenario.run(CucumberScenario.java:42)
      	at cucumber.runtime.junit.ExecutionUnitRunner.run(ExecutionUnitRunner.java:102)
      	at cucumber.runtime.junit.FeatureRunner.runChild(FeatureRunner.java:63)
      	at cucumber.runtime.junit.FeatureRunner.runChild(FeatureRunner.java:18)
      	at org.junit.runners.ParentRunner$3.run(ParentRunner.java:238)
      	at org.junit.runners.ParentRunner$1.schedule(ParentRunner.java:63)
      	at org.junit.runners.ParentRunner.runChildren(ParentRunner.java:236)
      	at org.junit.runners.ParentRunner.access$000(ParentRunner.java:53)
      	at org.junit.runners.ParentRunner$2.evaluate(ParentRunner.java:229)
      	at org.junit.runners.ParentRunner.run(ParentRunner.java:309)
      	at cucumber.runtime.junit.FeatureRunner.run(FeatureRunner.java:70)
      	at cucumber.api.junit.Cucumber.runChild(Cucumber.java:95)
      	at cucumber.api.junit.Cucumber.runChild(Cucumber.java:38)
      	at org.junit.runners.ParentRunner$3.run(ParentRunner.java:238)
      	at org.junit.runners.ParentRunner$1.schedule(ParentRunner.java:63)
      	at org.junit.runners.ParentRunner.runChildren(ParentRunner.java:236)
      	at org.junit.runners.ParentRunner.access$000(ParentRunner.java:53)
      	at org.junit.runners.ParentRunner$2.evaluate(ParentRunner.java:229)
      	at org.junit.internal.runners.statements.RunAfters.evaluate(RunAfters.java:27)
      	at org.junit.runners.ParentRunner.run(ParentRunner.java:309)
      	at cucumber.api.junit.Cucumber.run(Cucumber.java:100)
      	at org.junit.runner.JUnitCore.run(JUnitCore.java:160)
      	at org.junit.runner.JUnitCore.run(JUnitCore.java:138)
      	at org.testng.junit.JUnit4TestRunner.start(JUnit4TestRunner.java:82)
      	at org.testng.junit.JUnit4TestRunner.run(JUnit4TestRunner.java:70)
      	at org.testng.TestRunner$1.run(TestRunner.java:570)
      	at org.testng.TestRunner.runJUnitWorkers(TestRunner.java:717)
      	at org.testng.TestRunner.privateRunJUnit(TestRunner.java:601)
      	at org.testng.TestRunner.run(TestRunner.java:502)
      	at org.testng.SuiteRunner.runTest(SuiteRunner.java:455)
      	at org.testng.SuiteRunner.runSequentially(SuiteRunner.java:450)
      	at org.testng.SuiteRunner.privateRun(SuiteRunner.java:415)
      	at org.testng.SuiteRunner.run(SuiteRunner.java:364)
      	at org.testng.SuiteRunnerWorker.runSuite(SuiteRunnerWorker.java:52)
      	at org.testng.SuiteRunnerWorker.run(SuiteRunnerWorker.java:84)
      	at org.testng.TestNG.runSuitesSequentially(TestNG.java:1208)
      	at org.testng.TestNG.runSuitesLocally(TestNG.java:1137)
      	at org.testng.TestNG.runSuites(TestNG.java:1049)
      	at org.testng.TestNG.run(TestNG.java:1017)
      	at org.apache.maven.surefire.testng.TestNGExecutor.run(TestNGExecutor.java:151)
      	at org.apache.maven.surefire.testng.TestNGDirectoryTestSuite.executeMulti(TestNGDirectoryTestSuite.java:197)
      	at org.apache.maven.surefire.testng.TestNGDirectoryTestSuite.execute(TestNGDirectoryTestSuite.java:93)
      	at org.apache.maven.surefire.testng.TestNGProvider.invoke(TestNGProvider.java:155)
      	at org.apache.maven.surefire.booter.ForkedBooter.runSuitesInProcess(ForkedBooter.java:456)
[...]
      	at cucumber.runtime.junit.ExecutionUnitRunner.run(ExecutionUnitRunner.java:102)
      	at cucumber.runtime.junit.FeatureRunner.runChild(FeatureRunner.java:63)
      	at cucumber.runtime.junit.FeatureRunner.runChild(FeatureRunner.java:18)
      	at org.junit.runners.ParentRunner$3.run(ParentRunner.java:238)
      	at org.junit.runners.ParentRunner$1.schedule(ParentRunner.java:63)
      	at org.junit.runners.ParentRunner.runChildren(ParentRunner.java:236)
      	at org.junit.runners.ParentRunner.access$000(ParentRunner.java:53)
      	at org.junit.runners.ParentRunner$2.evaluate(ParentRunner.java:229)
      	at org.junit.runners.ParentRunner.run(ParentRunner.java:309)
      	at cucumber.runtime.junit.FeatureRunner.run(FeatureRunner.java:70)
      	at cucumber.api.junit.Cucumber.runChild(Cucumber.java:95)
      	at cucumber.api.junit.Cucumber.runChild(Cucumber.java:38)
      	at org.junit.runners.ParentRunner$3.run(ParentRunner.java:238)
      	at org.junit.runners.ParentRunner$1.schedule(ParentRunner.java:63)
      	at org.junit.runners.ParentRunner.runChildren(ParentRunner.java:236)
      	at org.junit.runners.ParentRunner.access$000(ParentRunner.java:53)
      	at org.junit.runners.ParentRunner$2.evaluate(ParentRunner.java:229)
      	at org.junit.internal.runners.statements.RunAfters.evaluate(RunAfters.java:27)
      	at org.junit.runners.ParentRunner.run(ParentRunner.java:309)
      	at cucumber.api.junit.Cucumber.run(Cucumber.java:100)
      	at org.junit.runner.JUnitCore.run(JUnitCore.java:160)
      	at org.junit.runner.JUnitCore.run(JUnitCore.java:138)
      	at org.testng.junit.JUnit4TestRunner.start(JUnit4TestRunner.java:82)
      	at org.testng.junit.JUnit4TestRunner.run(JUnit4TestRunner.java:70)
      	at org.testng.TestRunner$1.run(TestRunner.java:570)
      	at org.testng.TestRunner.runJUnitWorkers(TestRunner.java:717)
      	at org.testng.TestRunner.privateRunJUnit(TestRunner.java:601)
      	at org.testng.TestRunner.run(TestRunner.java:502)
      	at org.testng.SuiteRunner.runTest(SuiteRunner.java:455)
      	at org.testng.SuiteRunner.runSequentially(SuiteRunner.java:450)
      	at org.testng.SuiteRunner.privateRun(SuiteRunner.java:415)
      	at org.testng.SuiteRunner.run(SuiteRunner.java:364)
      	at org.testng.SuiteRunnerWorker.runSuite(SuiteRunnerWorker.java:52)
      	at org.testng.SuiteRunnerWorker.run(SuiteRunnerWorker.java:84)
      	at org.testng.TestNG.runSuitesSequentially(TestNG.java:1208)
      	at org.testng.TestNG.runSuitesLocally(TestNG.java:1137)
      	at org.testng.TestNG.runSuites(TestNG.java:1049)
      	at org.testng.TestNG.run(TestNG.java:1017)
      	at org.apache.maven.surefire.testng.TestNGExecutor.run(TestNGExecutor.java:151)
      	at org.apache.maven.surefire.testng.TestNGDirectoryTestSuite.executeMulti(TestNGDirectoryTestSuite.java:197)
      	at org.apache.maven.surefire.testng.TestNGDirectoryTestSuite.execute(TestNGDirectoryTestSuite.java:93)
      	at org.apache.maven.surefire.testng.TestNGProvider.invoke(TestNGProvider.java:155)
      	at org.apache.maven.surefire.booter.ForkedBooter.runSuitesInProcess(ForkedBooter.java:456)
      	at org.apache.maven.surefire.booter.ForkedBooter.execute(ForkedBooter.java:169)
      	at org.apache.maven.surefire.booter.ForkedBooter.run(ForkedBooter.java:595)
      	at org.apache.maven.surefire.booter.ForkedBooter.main(ForkedBooter.java:581)
      &amp#27;[0m

  @smoke @regression
  Scenario: I should see Logo      &amp#27;[90m# logintest.feature:11&amp#27;[0m
    &amp#27;[36mThen &amp#27;[0m&amp#27;[36mI see the Orange HRM Logo&amp#27;[0m &amp#27;[90m# LoginTestSteps.iSeeTheOrangeHRMLogo()&amp#27;[0m
Feature: As a user I want to verify admin can execute different actions on users.

  Background:                                         &amp#27;[90m# userstest.feature:3&amp#27;[0m
    &amp#27;[31mGiven &amp#27;[0m&amp#27;[31mI am on HomePage & Login to the application&amp#27;[0m &amp#27;[90m# UserTestSteps.iAmOnHomePageLoginToTheApplication()&amp#27;[0m
      &amp#27;[31mjava.lang.NoClassDefFoundError: Could not initialize class cucumber.deps.com.thoughtworks.xstream.converters.collections.TreeMapConverter
      	at cucumber.deps.com.thoughtworks.xstream.XStream.setupConverters(XStream.java:820)
      	at cucumber.deps.com.thoughtworks.xstream.XStream.<init>(XStream.java:574)
      	at cucumber.deps.com.thoughtworks.xstream.XStream.<init>(XStream.java:530)
      	at cucumber.runtime.xstream.LocalizedXStreams$LocalizedXStream.<init>(LocalizedXStreams.java:50)
      	at cucumber.runtime.xstream.LocalizedXStreams.newXStream(LocalizedXStreams.java:37)
      	at cucumber.runtime.xstream.LocalizedXStreams.get(LocalizedXStreams.java:29)
      	at cucumber.runtime.StepDefinitionMatch.runStep(StepDefinitionMatch.java:37)
      	at cucumber.runtime.Runtime.runStep(Runtime.java:300)
      	at cucumber.runtime.model.StepContainer.runStep(StepContainer.java:44)
      	at cucumber.runtime.model.StepContainer.runSteps(StepContainer.java:39)
      	at cucumber.runtime.model.CucumberScenario.runBackground(CucumberScenario.java:59)
      	at cucumber.runtime.model.CucumberScenario.run(CucumberScenario.java:42)
      	at cucumber.runtime.junit.ExecutionUnitRunner.run(ExecutionUnitRunner.java:102)
      	at cucumber.runtime.junit.FeatureRunner.runChild(FeatureRunner.java:63)
      	at cucumber.runtime.junit.FeatureRunner.runChild(FeatureRunner.java:18)
      	at org.junit.runners.ParentRunner$3.run(ParentRunner.java:238)
      	at org.junit.runners.ParentRunner$1.schedule(ParentRunner.java:63)
      	at org.junit.runners.ParentRunner.runChildren(ParentRunner.java:236)
      	at org.junit.runners.ParentRunner.access$000(ParentRunner.java:53)
      	at org.junit.runners.ParentRunner$2.evaluate(ParentRunner.java:229)
      	at org.junit.runners.ParentRunner.run(ParentRunner.java:309)
      	at cucumber.runtime.junit.FeatureRunner.run(FeatureRunner.java:70)
      	at cucumber.api.junit.Cucumber.runChild(Cucumber.java:95)
      	at cucumber.api.junit.Cucumber.runChild(Cucumber.java:38)
      	at org.junit.runners.ParentRunner$3.run(ParentRunner.java:238)
      	at org.junit.runners.ParentRunner$1.schedule(ParentRunner.java:63)
      	at org.junit.runners.ParentRunner.runChildren(ParentRunner.java:236)
      	at org.junit.runners.ParentRunner.access$000(ParentRunner.java:53)
      	at org.junit.runners.ParentRunner$2.evaluate(ParentRunner.java:229)
      	at org.junit.internal.runners.statements.RunAfters.evaluate(RunAfters.java:27)
      	at org.junit.runners.ParentRunner.run(ParentRunner.java:309)
      	at cucumber.api.junit.Cucumber.run(Cucumber.java:100)
      	at org.junit.runner.JUnitCore.run(JUnitCore.java:160)
      	at org.junit.runner.JUnitCore.run(JUnitCore.java:138)
      	at org.testng.junit.JUnit4TestRunner.start(JUnit4TestRunner.java:82)
      	at org.testng.junit.JUnit4TestRunner.run(JUnit4TestRunner.java:70)
      	at org.testng.TestRunner$1.run(TestRunner.java:570)
      	at org.testng.TestRunner.runJUnitWorkers(TestRunner.java:717)
      	at org.testng.TestRunner.privateRunJUnit(TestRunner.java:601)
      	at org.testng.TestRunner.run(TestRunner.java:502)
      	at org.testng.SuiteRunner.runTest(SuiteRunner.java:455)
      	at org.testng.SuiteRunner.runSequentially(SuiteRunner.java:450)
      	at org.testng.SuiteRunner.privateRun(SuiteRunner.java:415)
      	at org.testng.SuiteRunner.run(SuiteRunner.java:364)
      	at org.testng.SuiteRunnerWorker.runSuite(SuiteRunnerWorker.java:52)
      	at org.testng.SuiteRunnerWorker.run(SuiteRunnerWorker.java:84)
      	at org.testng.TestNG.runSuitesSequentially(TestNG.java:1208)
      	at org.testng.TestNG.runSuitesLocally(TestNG.java:1137)
      	at org.testng.TestNG.runSuites(TestNG.java:1049)
      	at org.testng.TestNG.run(TestNG.java:1017)
      	at org.apache.maven.surefire.testng.TestNGExecutor.run(TestNGExecutor.java:151)
      	at org.apache.maven.surefire.testng.TestNGDirectoryTestSuite.executeMulti(TestNGDirectoryTestSuite.java:197)
      	at org.apache.maven.surefire.testng.TestNGDirectoryTestSuite.execute(TestNGDirectoryTestSuite.java:93)
      	at org.apache.maven.surefire.testng.TestNGProvider.invoke(TestNGProvider.java:155)
      	at org.apache.maven.surefire.booter.ForkedBooter.runSuitesInProcess(ForkedBooter.java:456)
      	at org.apache.maven.surefire.booter.ForkedBooter.execute(ForkedBooter.java:169)
      	at org.apache.maven.surefire.booter.ForkedBooter.run(ForkedBooter.java:595)
      	at org.apache.maven.surefire.booter.ForkedBooter.main(ForkedBooter.java:581)
      	at ✽.Given I am on HomePage & Login to the application(userstest.feature:4)
      Caused by: java.lang.ExceptionInInitializerError: Exception java.lang.reflect.InaccessibleObjectException: Unable to make field private final java.util.Comparator java.util.TreeMap.comparator accessible: module java.base does not "opens java.util" to unnamed module @29774679 [in thread "main"]
      	at java.base/java.lang.reflect.AccessibleObject.throwInaccessibleObjectException(AccessibleObject.java:387)
      	at java.base/java.lang.reflect.AccessibleObject.checkCanSetAccessible(AccessibleObject.java:363)
      	at java.base/java.lang.reflect.AccessibleObject.checkCanSetAccessible(AccessibleObject.java:311)
      	at java.base/java.lang.reflect.Field.checkCanSetAccessible(Field.java:180)
      	at java.base/java.lang.reflect.Field.setAccessible(Field.java:174)
      	at cucumber.deps.com.thoughtworks.xstream.core.util.Fields.locate(Fields.java:39)
      	at cucumber.deps.com.thoughtworks.xstream.converters.collections.TreeMapConverter.<clinit>(TreeMapConverter.java:50)
      	at cucumber.deps.com.thoughtworks.xstream.XStream.setupConverters(XStream.java:820)
      	at cucumber.deps.com.thoughtworks.xstream.XStream.<init>(XStream.java:574)
      	at cucumber.deps.com.thoughtworks.xstream.XStream.<init>(XStream.java:530)
      	at cucumber.runtime.xstream.LocalizedXStreams$LocalizedXStream.<init>(LocalizedXStreams.java:50)
      	at cucumber.runtime.xstream.LocalizedXStreams.newXStream(LocalizedXStreams.java:37)
      	at cucumber.runtime.xstream.LocalizedXStreams.get(LocalizedXStreams.java:29)
      	at cucumber.runtime.StepDefinitionMatch.runStep(StepDefinitionMatch.java:37)
      	at cucumber.runtime.Runtime.runStep(Runtime.java:300)
      	at cucumber.runtime.model.StepContainer.runStep(StepContainer.java:44)
      	at cucumber.runtime.model.StepContainer.runSteps(StepContainer.java:39)
      	at cucumber.runtime.model.CucumberScenario.runBackground(CucumberScenario.java:59)
      	at cucumber.runtime.model.CucumberScenario.run(CucumberScenario.java:42)
      	at cucumber.runtime.junit.ExecutionUnitRunner.run(ExecutionUnitRunner.java:102)
      	at cucumber.runtime.junit.FeatureRunner.runChild(FeatureRunner.java:63)
      	at cucumber.runtime.junit.FeatureRunner.runChild(FeatureRunner.java:18)
      	at org.junit.runners.ParentRunner$3.run(ParentRunner.java:238)
      	at org.junit.runners.ParentRunner$1.schedule(ParentRunner.java:63)
      	at org.junit.runners.ParentRunner.runChildren(ParentRunner.java:236)
      	at org.junit.runners.ParentRunner.access$000(ParentRunner.java:53)
      	at org.junit.runners.ParentRunner$2.evaluate(ParentRunner.java:229)
      	at org.junit.runners.ParentRunner.run(ParentRunner.java:309)
      	at cucumber.runtime.junit.FeatureRunner.run(FeatureRunner.java:70)
      	at cucumber.api.junit.Cucumber.runChild(Cucumber.java:95)
      	at cucumber.api.junit.Cucumber.runChild(Cucumber.java:38)
      	at org.junit.runners.ParentRunner$3.run(ParentRunner.java:238)
      	at org.junit.runners.ParentRunner$1.schedule(ParentRunner.java:63)
      	at org.junit.runners.ParentRunner.runChildren(ParentRunner.java:236)
      	at org.junit.runners.ParentRunner.access$000(ParentRunner.java:53)
      	at org.junit.runners.ParentRunner$2.evaluate(ParentRunner.java:229)
      	at org.junit.internal.runners.statements.RunAfters.evaluate(RunAfters.java:27)
      	at org.junit.runners.ParentRunner.run(ParentRunner.java:309)
      	at cucumber.api.junit.Cucumber.run(Cucumber.java:100)
      	at org.junit.runner.JUnitCore.run(JUnitCore.java:160)
      	at org.junit.runner.JUnitCore.run(JUnitCore.java:138)
      	at org.testng.junit.JUnit4TestRunner.start(JUnit4TestRunner.java:82)
      	at org.testng.junit.JUnit4TestRunner.run(JUnit4TestRunner.java:70)
      	at org.testng.TestRunner$1.run(TestRunner.java:570)
      	at org.testng.TestRunner.runJUnitWorkers(TestRunner.java:717)
      	at org.testng.TestRunner.privateRunJUnit(TestRunner.java:601)
      	at org.testng.TestRunner.run(TestRunner.java:502)
      	at org.testng.SuiteRunner.runTest(SuiteRunner.java:455)
      	at org.testng.SuiteRunner.runSequentially(SuiteRunner.java:450)
      	at org.testng.SuiteRunner.privateRun(SuiteRunner.java:415)
      	at org.testng.SuiteRunner.run(SuiteRunner.java:364)
      	at org.testng.SuiteRunnerWorker.runSuite(SuiteRunnerWorker.java:52)
      	at org.testng.SuiteRunnerWorker.run(SuiteRunnerWorker.java:84)
      	at org.testng.TestNG.runSuitesSequentially(TestNG.java:1208)
      	at org.testng.TestNG.runSuitesLocally(TestNG.java:1137)
      	at org.testng.TestNG.runSuites(TestNG.java:1049)
      	at org.testng.TestNG.run(TestNG.java:1017)
      	at org.apache.maven.surefire.testng.TestNGExecutor.run(TestNGExecutor.java:151)
      	at org.apache.maven.surefire.testng.TestNGDirectoryTestSuite.executeMulti(TestNGDirectoryTestSuite.java:197)
      	at org.apache.maven.surefire.testng.TestNGDirectoryTestSuite.execute(TestNGDirectoryTestSuite.java:93)
      	at org.apache.maven.surefire.testng.TestNGProvider.invoke(TestNGProvider.java:155)
      	at org.apache.maven.surefire.booter.ForkedBooter.runSuitesInProcess(ForkedBooter.java:456)
      	at org.apache.maven.surefire.booter.ForkedBooter.execute(ForkedBooter.java:169)
      	at org.apache.maven.surefire.booter.ForkedBooter.run(ForkedBooter.java:595)
      	at org.apache.maven.surefire.booter.ForkedBooter.main(ForkedBooter.java:581)
      &amp#27;[0m

  @smoke @regression
  Scenario: Admin should be able to search the user created and verify it. &amp#27;[90m# userstest.feature:22&amp#27;[0m
    &amp#27;[36mWhen &amp#27;[0m&amp#27;[36mI click On Admin Tab&amp#27;[0m                                              &amp#27;[90m# UserTestSteps.iClickOnAdminTab()&amp#27;[0m
    &amp#27;[36mThen &amp#27;[0m&amp#27;[36mI Verify System Users Text&amp#27;[0m                                        &amp#27;[90m# UserTestSteps.iVerifySystemUsersText()&amp#27;[0m
    &amp#27;[36mWhen &amp#27;[0m&amp#27;[36mI Enter username&amp#27;[0m                                                  &amp#27;[90m# UserTestSteps.iEnterUsername()&amp#27;[0m
    &amp#27;[36mAnd &amp#27;[0m&amp#27;[36mI Select user role&amp#27;[0m                                                 &amp#27;[90m# UserTestSteps.iSelectUserRole()&amp#27;[0m
    &amp#27;[36mAnd &amp#27;[0m&amp#27;[36mI select status&amp#27;[0m                                                    &amp#27;[90m# UserTestSteps.iSelectStatus()&amp#27;[0m
    &amp#27;[36mAnd &amp#27;[0m&amp#27;[36mI click on search&amp#27;[0m                                                  &amp#27;[90m# UserTestSteps.iClickOnSearch()&amp#27;[0m
    &amp#27;[36mThen &amp#27;[0m&amp#27;[36mI should see the user in the list&amp#27;[0m                                 &amp#27;[90m# UserTestSteps.iShouldSeeTheUserInTheList()&amp#27;[0m
]]></system-out>
    <system-err><![CDATA[Starting ChromeDriver 113.0.5672.63 (0e1a4471d5ae5bf128b1bd8f4d627c8cbd55f70c-refs/branch-heads/5672@{#912}) on port 42821
Only local connections are allowed.
Please see https://chromedriver.chromium.org/security-considerations for suggestions on keeping ChromeDriver safe.
ChromeDriver was started successfully.
May 23, 2023 10:31:17 PM org.openqa.selenium.devtools.CdpVersionFinder findNearestMatch
WARNING: Unable to find an exact match for CDP version 113, so returning the closest version found: 112
Starting ChromeDriver 113.0.5672.63 (0e1a4471d5ae5bf128b1bd8f4d627c8cbd55f70c-refs/branch-heads/5672@{#912}) on port 47843
Only local connections are allowed.
Please see https://chromedriver.chromium.org/security-considerations for suggestions on keeping ChromeDriver safe.
ChromeDriver was started successfully.
May 23, 2023 10:31:23 PM org.openqa.selenium.devtools.CdpVersionFinder findNearestMatch
WARNING: Unable to find an exact match for CDP version 113, so returning the closest version found: 112
May 23, 2023 10:31:28 PM com.aventstack.extentreports.configuration.ConfigLoader <init>
SEVERE: C:\Users\ThinkPad\IdeaProjects\com-orangehrmlive.demo\src\test\java\resources\extentreport\extent-config.xml
java.io.FileNotFoundException: C:\Users\ThinkPad\IdeaProjects\com-orangehrmlive.demo\src\test\java\resources\extentreport\extent-config.xml (The system cannot find the path specified)
	at java.base/java.io.FileInputStream.open0(Native Method)
	at java.base/java.io.FileInputStream.open(FileInputStream.java:219)
	at java.base/java.io.FileInputStream.<init>(FileInputStream.java:158)
	at com.aventstack.extentreports.configuration.ConfigLoader.<init>(ConfigLoader.java:49)
	at com.aventstack.extentreports.reporter.AbstractReporter.loadXMLConfig(AbstractReporter.java:64)
	at com.aventstack.extentreports.reporter.AbstractReporter.loadXMLConfig(AbstractReporter.java:60)
	at com.cucumber.listener.Reporter.loadXMLConfig(Reporter.java:47)
	at com.orangehrmlive.runner.TestSmokeRunner.setUp(TestSmokeRunner.java:24)
	at java.base/jdk.internal.reflect.DirectMethodHandleAccessor.invoke(DirectMethodHandleAccessor.java:104)
	at java.base/java.lang.reflect.Method.invoke(Method.java:578)
	at org.junit.runners.model.FrameworkMethod$1.runReflectiveCall(FrameworkMethod.java:47)
	at org.junit.internal.runners.model.ReflectiveCallable.run(ReflectiveCallable.java:12)
	at org.junit.runners.model.FrameworkMethod.invokeExplosively(FrameworkMethod.java:44)
	at org.junit.internal.runners.statements.RunAfters.evaluate(RunAfters.java:33)
	at org.junit.runners.ParentRunner.run(ParentRunner.java:309)
	at cucumber.api.junit.Cucumber.run(Cucumber.java:100)
	at org.junit.runner.JUnitCore.run(JUnitCore.java:160)
	at org.junit.runner.JUnitCore.run(JUnitCore.java:138)
	at org.testng.junit.JUnit4TestRunner.start(JUnit4TestRunner.java:82)
	at org.testng.junit.JUnit4TestRunner.run(JUnit4TestRunner.java:70)
	at org.testng.TestRunner$1.run(TestRunner.java:570)
	at org.testng.TestRunner.runJUnitWorkers(TestRunner.java:717)
	at org.testng.TestRunner.privateRunJUnit(TestRunner.java:601)
	at org.testng.TestRunner.run(TestRunner.java:502)
	at org.testng.SuiteRunner.runTest(SuiteRunner.java:455)
	at org.testng.SuiteRunner.runSequentially(SuiteRunner.java:450)
	at org.testng.SuiteRunner.privateRun(SuiteRunner.java:415)
	at org.testng.SuiteRunner.run(SuiteRunner.java:364)
	at org.testng.SuiteRunnerWorker.runSuite(SuiteRunnerWorker.java:52)
	at org.testng.SuiteRunnerWorker.run(SuiteRunnerWorker.java:84)
	at org.testng.TestNG.runSuitesSequentially(TestNG.java:1208)
	at org.testng.TestNG.runSuitesLocally(TestNG.java:1137)
	at org.testng.TestNG.runSuites(TestNG.java:1049)
	at org.testng.TestNG.run(TestNG.java:1017)
	at org.apache.maven.surefire.testng.TestNGExecutor.run(TestNGExecutor.java:151)
	at org.apache.maven.surefire.testng.TestNGDirectoryTestSuite.executeMulti(TestNGDirectoryTestSuite.java:197)
	at org.apache.maven.surefire.testng.TestNGDirectoryTestSuite.execute(TestNGDirectoryTestSuite.java:93)
	at org.apache.maven.surefire.testng.TestNGProvider.invoke(TestNGProvider.java:155)
	at org.apache.maven.surefire.booter.ForkedBooter.runSuitesInProcess(ForkedBooter.java:456)
	at org.apache.maven.surefire.booter.ForkedBooter.execute(ForkedBooter.java:169)
	at org.apache.maven.surefire.booter.ForkedBooter.run(ForkedBooter.java:595)
	at org.apache.maven.surefire.booter.ForkedBooter.main(ForkedBooter.java:581)

]]></system-err>
  </testcase>
</testsuite>